2023-01-24 00:15:17 [@DESKTOP-2QEQUKR]
Interno #1: Ejecutar contract
2023-01-24 00:16:45 [@DESKTOP-2QEQUKR]
Interno #1: Ejecutar infocom
2023-01-24 00:18:31 [@DESKTOP-2QEQUKR]
Interno #1: Ejecutar mailgate
2023-01-24 00:20:55 [@DESKTOP-2QEQUKR]
Interno #1: Ejecutar session
2023-01-24 00:21:57 [@DESKTOP-2QEQUKR]
Interno #1: Ejecutar graph
2023-01-24 00:22:54 [@DESKTOP-2QEQUKR]
Interno #1: Ejecutar reservation
2023-01-24 00:26:46 [@DESKTOP-2QEQUKR]
Interno #1: Ejecutar closeticket
2023-01-24 00:29:56 [@DESKTOP-2QEQUKR]
Interno #1: Ejecutar alertnotclosed
2023-01-24 00:31:19 [@DESKTOP-2QEQUKR]
Interno #1: Ejecutar slaticket
2023-01-24 00:31:45 [@DESKTOP-2QEQUKR]
Interno #1: Ejecutar createinquest
2023-01-24 00:32:30 [@DESKTOP-2QEQUKR]
Interno #1: Ejecutar watcher
2023-01-24 03:01:57 [@DESKTOP-2QEQUKR]
Interno #1: Ejecutar RecurrentItems
2023-01-24 03:15:56 [@DESKTOP-2QEQUKR]
Interno #1: Ejecutar planningrecall
2023-01-24 03:15:59 [@DESKTOP-2QEQUKR]
Interno #1: Ejecutar queuednotification
2023-01-24 03:16:01 [@DESKTOP-2QEQUKR]
Interno #1: Ejecutar queuednotificationclean
2023-01-24 03:16:02 [@DESKTOP-2QEQUKR]
Interno #1: Ejecutar temp
2023-01-24 19:32:19 [@DESKTOP-2QEQUKR]
Interno #1: Ejecutar mailgateerror
2023-01-24 21:11:13 [2@DESKTOP-2QEQUKR]
Interno #1: Ejecutar certificate
2023-01-24 21:11:21 [@DESKTOP-2QEQUKR]
Interno #1: Ejecutar olaticket
2023-01-27 19:13:51 [@DESKTOP-2QEQUKR]
Interno #1: Ejecutar mailgate
2023-01-27 20:29:26 [2@DESKTOP-2QEQUKR]
Interno #1: Ejecutar slaticket
2023-01-27 22:30:20 [@DESKTOP-2QEQUKR]
Interno #1: Ejecutar graph
2023-01-27 22:30:34 [@DESKTOP-2QEQUKR]
Interno #1: Ejecutar reservation
2023-01-27 22:31:06 [@DESKTOP-2QEQUKR]
Interno #1: Ejecutar queuednotification
2023-01-27 22:37:23 [@DESKTOP-2QEQUKR]
Interno #1: Ejecutar planningrecall
2023-01-27 22:38:56 [@DESKTOP-2QEQUKR]
Interno #1: Ejecutar RecurrentItems
2023-01-27 22:55:39 [@DESKTOP-2QEQUKR]
Interno #1: Ejecutar temp
2023-01-30 20:06:10 [@DESKTOP-2QEQUKR]
Interno #1: Ejecutar infocom
2023-01-30 20:06:43 [@DESKTOP-2QEQUKR]
Interno #1: Ejecutar mailgate
2023-01-30 20:07:44 [@DESKTOP-2QEQUKR]
Interno #1: Ejecutar session
2023-01-30 20:07:47 [@DESKTOP-2QEQUKR]
Interno #1: Ejecutar graph
2023-01-30 20:07:56 [@DESKTOP-2QEQUKR]
Interno #1: Ejecutar reservation
2023-01-30 20:16:14 [@DESKTOP-2QEQUKR]
Interno #1: Ejecutar closeticket
2023-01-30 20:21:46 [@DESKTOP-2QEQUKR]
Interno #1: Ejecutar alertnotclosed
2023-01-30 20:25:27 [@DESKTOP-2QEQUKR]
Interno #1: Ejecutar slaticket
2023-01-30 20:30:09 [@DESKTOP-2QEQUKR]
Interno #1: Ejecutar createinquest
2023-01-30 20:30:32 [@DESKTOP-2QEQUKR]
Interno #1: Ejecutar watcher
2023-01-30 20:36:08 [2@DESKTOP-2QEQUKR]
Interno #1: Ejecutar RecurrentItems
2023-01-30 20:37:14 [@DESKTOP-2QEQUKR]
Interno #1: Ejecutar planningrecall
2023-01-30 20:37:25 [@DESKTOP-2QEQUKR]
Interno #1: Ejecutar queuednotification
2023-01-30 20:37:36 [@DESKTOP-2QEQUKR]
Interno #1: Ejecutar queuednotificationclean
2023-01-30 20:38:14 [@DESKTOP-2QEQUKR]
Interno #1: Ejecutar temp
2023-01-30 20:38:18 [@DESKTOP-2QEQUKR]
Interno #1: Ejecutar mailgateerror
2023-01-30 20:41:36 [@DESKTOP-2QEQUKR]
Interno #1: Ejecutar certificate
2023-01-30 20:52:56 [@DESKTOP-2QEQUKR]
Interno #1: Ejecutar olaticket
2023-01-30 20:56:19 [@DESKTOP-2QEQUKR]
Interno #1: Ejecutar mailgate
2023-01-30 21:00:49 [@DESKTOP-2QEQUKR]
Interno #1: Ejecutar slaticket
2023-01-30 21:04:08 [@DESKTOP-2QEQUKR]
Interno #1: Ejecutar queuednotification
2023-01-30 21:04:22 [@DESKTOP-2QEQUKR]
Interno #1: Ejecutar planningrecall
2023-01-30 21:05:38 [@DESKTOP-2QEQUKR]
Interno #1: Ejecutar olaticket
2023-01-30 21:05:52 [@DESKTOP-2QEQUKR]
Interno #1: Ejecutar slaticket
2023-01-30 21:06:22 [@DESKTOP-2QEQUKR]
Interno #1: Ejecutar queuednotification
2023-01-30 21:07:08 [@DESKTOP-2QEQUKR]
Interno #1: Ejecutar mailgate
2023-01-30 21:07:35 [@DESKTOP-2QEQUKR]
Interno #1: Ejecutar graph
2023-01-30 21:08:06 [@DESKTOP-2QEQUKR]
Interno #1: Ejecutar reservation
2023-01-30 21:13:25 [2@DESKTOP-2QEQUKR]
Interno #1: Ejecutar queuednotification
2023-01-30 21:13:34 [@DESKTOP-2QEQUKR]
Interno #1: Ejecutar planningrecall
2023-01-30 21:13:44 [@DESKTOP-2QEQUKR]
Interno #1: Ejecutar slaticket
2023-01-30 21:32:08 [@DESKTOP-2QEQUKR]
Interno #1: Ejecutar olaticket
2023-01-30 21:34:16 [@DESKTOP-2QEQUKR]
Interno #1: Ejecutar queuednotification
2023-01-30 21:34:40 [@DESKTOP-2QEQUKR]
Interno #1: Ejecutar mailgate
2023-01-30 21:36:49 [@DESKTOP-2QEQUKR]
Interno #1: Ejecutar slaticket
2023-01-31 13:14:30 [2@DESKTOP-2QEQUKR]
Interno #1: Ejecutar planningrecall
2023-01-31 15:23:40 [2@DESKTOP-2QEQUKR]
Interno #1: Ejecutar queuednotification
2023-01-31 15:36:41 [2@DESKTOP-2QEQUKR]
Interno #1: Ejecutar RecurrentItems
2023-02-01 13:11:55 [2@DESKTOP-2QEQUKR]
Interno #1: Ejecutar olaticket
2023-02-01 17:13:24 [2@DESKTOP-2QEQUKR]
Interno #1: Ejecutar temp
2023-02-01 17:13:28 [@DESKTOP-2QEQUKR]
Interno #1: Ejecutar slaticket
2023-02-01 17:14:08 [@DESKTOP-2QEQUKR]
Interno #1: Ejecutar mailgate
2023-02-01 17:14:14 [@DESKTOP-2QEQUKR]
Interno #1: Ejecutar graph
2023-02-01 17:14:26 [@DESKTOP-2QEQUKR]
Interno #1: Ejecutar reservation
2023-02-01 17:15:31 [@DESKTOP-2QEQUKR]
Interno #1: Ejecutar closeticket
2023-02-13 14:23:46 [@DESKTOP-2QEQUKR]
Interno #1: Lanzar alertnotclosed
2023-02-13 11:42:37 [@host15.latinoamericahosting.com]
Interno #1: Lanzar planningrecall
2023-02-13 11:42:52 [@host15.latinoamericahosting.com]
Interno #1: Lanzar queuednotification
2023-02-13 11:42:59 [@host15.latinoamericahosting.com]
Interno #1: Lanzar RecurrentItems
2023-02-13 11:47:15 [@host15.latinoamericahosting.com]
Interno #1: Lanzar contract
2023-02-13 11:48:07 [@host15.latinoamericahosting.com]
Interno #1: Lanzar infocom
2023-02-13 11:48:15 [@host15.latinoamericahosting.com]
Interno #1: Lanzar session
2023-02-13 11:50:20 [@host15.latinoamericahosting.com]
Interno #1: Lanzar createinquest
2023-02-13 11:51:21 [@host15.latinoamericahosting.com]
Interno #1: Lanzar watcher
2023-02-13 11:51:27 [@host15.latinoamericahosting.com]
Interno #1: Lanzar queuednotificationclean
2023-02-13 11:51:59 [@host15.latinoamericahosting.com]
Interno #1: Lanzar mailgateerror
2023-02-13 13:49:19 [645@host15.latinoamericahosting.com]
Interno #1: Ejecutar certificate
2023-02-13 13:50:50 [@host15.latinoamericahosting.com]
Interno #1: Ejecutar olaticket
2023-02-13 13:50:55 [@host15.latinoamericahosting.com]
Interno #1: Ejecutar slaticket
2023-02-13 13:54:07 [@host15.latinoamericahosting.com]
Interno #1: Lanzar mailgate
2023-02-13 13:54:21 [@host15.latinoamericahosting.com]
Interno #1: Lanzar temp
2023-02-13 15:16:57 [@host15.latinoamericahosting.com]
Interno #1: Ejecutar graph
2023-02-13 15:17:03 [@host15.latinoamericahosting.com]
Interno #1: Ejecutar reservation
2023-02-14 08:30:42 [@host15.latinoamericahosting.com]
Interno #1: Ejecutar closeticket
2023-02-14 17:29:01 [@host15.latinoamericahosting.com]
Interno #1: Lanzar queuednotification
2023-02-14 17:34:38 [2@host15.latinoamericahosting.com]
Interno #1: Ejecutar planningrecall
2023-02-14 17:35:23 [@host15.latinoamericahosting.com]
Interno #1: Lanzar RecurrentItems
2023-02-14 17:49:29 [2@host15.latinoamericahosting.com]
Interno #1: Ejecutar slaticket
2023-02-14 17:51:51 [@host15.latinoamericahosting.com]
Interno #1: Lanzar olaticket
2023-02-14 17:56:43 [@host15.latinoamericahosting.com]
Interno #1: Lanzar mailgate
2023-02-14 17:57:14 [@host15.latinoamericahosting.com]
Interno #1: Lanzar temp
2023-02-14 18:02:42 [2@host15.latinoamericahosting.com]
Interno #1: Ejecutar graph
2023-02-14 18:08:14 [2@host15.latinoamericahosting.com]
Interno #1: Ejecutar reservation
2023-02-14 18:14:17 [2@host15.latinoamericahosting.com]
Interno #1: Ejecutar alertnotclosed
2023-02-14 18:19:44 [2@host15.latinoamericahosting.com]
Interno #1: Ejecutar contract
2023-02-14 18:23:38 [@host15.latinoamericahosting.com]
Interno #1: Lanzar infocom
2023-02-14 18:25:21 [@host15.latinoamericahosting.com]
Interno #1: Lanzar session
2023-02-14 22:38:34 [@host15.latinoamericahosting.com]
Interno #1: Ejecutar createinquest
2023-02-15 22:12:19 [@host15.latinoamericahosting.com]
Interno #1: Ejecutar watcher
2023-02-15 22:17:33 [2@host15.latinoamericahosting.com]
Interno #1: Ejecutar queuednotificationclean
2023-02-15 22:22:38 [2@host15.latinoamericahosting.com]
Interno #1: Ejecutar mailgateerror
2023-02-15 22:28:51 [2@host15.latinoamericahosting.com]
Interno #1: Ejecutar certificate
2023-02-15 22:34:02 [2@host15.latinoamericahosting.com]
Interno #1: Ejecutar queuednotification
2023-02-15 22:39:18 [2@host15.latinoamericahosting.com]
Interno #1: Ejecutar planningrecall
2023-02-15 22:46:36 [2@host15.latinoamericahosting.com]
Interno #1: Ejecutar slaticket
2023-02-15 22:51:41 [2@host15.latinoamericahosting.com]
Interno #1: Ejecutar olaticket
2023-02-15 22:57:12 [2@host15.latinoamericahosting.com]
Interno #1: Ejecutar mailgate
2023-02-15 23:02:43 [2@host15.latinoamericahosting.com]
Interno #1: Ejecutar RecurrentItems
2023-02-15 23:07:51 [2@host15.latinoamericahosting.com]
Interno #1: Ejecutar temp
2023-02-15 23:13:05 [2@host15.latinoamericahosting.com]
Interno #1: Ejecutar graph
2023-02-15 23:17:54 [@host15.latinoamericahosting.com]
Interno #1: Ejecutar reservation
2023-02-15 23:23:01 [2@host15.latinoamericahosting.com]
Interno #1: Ejecutar closeticket
2023-02-15 23:29:01 [2@host15.latinoamericahosting.com]
Interno #1: Ejecutar alertnotclosed
2023-02-15 23:37:09 [2@host15.latinoamericahosting.com]
Interno #1: Ejecutar contract
2023-02-15 23:45:51 [2@host15.latinoamericahosting.com]
Interno #1: Ejecutar infocom
2023-02-15 23:55:40 [2@host15.latinoamericahosting.com]
Interno #1: Ejecutar session
2023-02-16 00:05:40 [2@host15.latinoamericahosting.com]
Interno #1: Ejecutar queuednotification
2023-02-16 00:18:19 [2@host15.latinoamericahosting.com]
Interno #1: Ejecutar createinquest
2023-02-16 00:18:25 [@host15.latinoamericahosting.com]
Interno #1: Ejecutar planningrecall
2023-02-16 00:24:45 [2@host15.latinoamericahosting.com]
Interno #1: Ejecutar slaticket
2023-02-16 00:30:00 [2@host15.latinoamericahosting.com]
Interno #1: Ejecutar olaticket
2023-02-16 00:35:17 [2@host15.latinoamericahosting.com]
Interno #1: Ejecutar mailgate
2023-02-16 00:40:27 [2@host15.latinoamericahosting.com]
Interno #1: Ejecutar RecurrentItems
2023-02-16 00:41:37 [@host15.latinoamericahosting.com]
Interno #1: Ejecutar queuednotification
2023-02-16 16:39:23 [@host15.latinoamericahosting.com]
Interno #1: Lanzar temp
2023-02-16 19:39:16 [@host15.latinoamericahosting.com]
Interno #1: Ejecutar graph
2023-02-16 19:50:13 [2@host15.latinoamericahosting.com]
Interno #1: Ejecutar reservation
2023-02-16 19:50:53 [@host15.latinoamericahosting.com]
Interno #1: Ejecutar planningrecall
2023-02-16 19:58:17 [2@host15.latinoamericahosting.com]
Interno #1: Ejecutar slaticket
2023-02-16 20:03:47 [2@host15.latinoamericahosting.com]
Interno #1: Ejecutar olaticket
2023-02-16 20:10:23 [2@host15.latinoamericahosting.com]
Interno #1: Ejecutar queuednotification
2023-02-16 20:19:08 [2@host15.latinoamericahosting.com]
Interno #1: Ejecutar mailgate
2023-02-16 20:20:39 [@host15.latinoamericahosting.com]
Interno #1: Ejecutar RecurrentItems
2023-02-16 20:37:21 [2@host15.latinoamericahosting.com]
Interno #1: Ejecutar closeticket
2023-02-16 20:43:18 [2@host15.latinoamericahosting.com]
Interno #1: Ejecutar alertnotclosed
2023-02-16 20:44:08 [@host15.latinoamericahosting.com]
Interno #1: Ejecutar temp
2023-02-16 20:52:39 [2@host15.latinoamericahosting.com]
Interno #1: Ejecutar planningrecall
2023-02-16 22:38:14 [@host15.latinoamericahosting.com]
Interno #1: Ejecutar slaticket
2023-02-16 22:44:53 [@host15.latinoamericahosting.com]
Interno #1: Ejecutar olaticket
2023-02-16 23:10:22 [2@host15.latinoamericahosting.com]
Interno #1: Ejecutar queuednotification
2023-02-16 23:16:26 [2@host15.latinoamericahosting.com]
Interno #1: Ejecutar mailgate
2023-02-16 23:21:34 [2@host15.latinoamericahosting.com]
Interno #1: Ejecutar graph
2023-02-16 23:29:50 [2@host15.latinoamericahosting.com]
Interno #1: Ejecutar reservation
2023-02-16 23:35:50 [2@host15.latinoamericahosting.com]
Interno #1: Ejecutar planningrecall
2023-02-16 23:40:54 [2@host15.latinoamericahosting.com]
Interno #1: Ejecutar RecurrentItems
2023-02-16 23:46:01 [2@host15.latinoamericahosting.com]
Interno #1: Ejecutar temp
2023-02-16 23:51:22 [2@host15.latinoamericahosting.com]
Interno #1: Ejecutar watcher
2023-02-16 23:56:31 [2@host15.latinoamericahosting.com]
Interno #1: Ejecutar queuednotificationclean
2023-02-17 00:01:54 [2@host15.latinoamericahosting.com]
Interno #1: Ejecutar mailgateerror
2023-02-17 00:06:57 [2@host15.latinoamericahosting.com]
Interno #1: Ejecutar certificate
2023-02-17 00:11:58 [2@host15.latinoamericahosting.com]
Interno #1: Ejecutar slaticket
2023-02-17 00:17:02 [2@host15.latinoamericahosting.com]
Interno #1: Ejecutar olaticket
2023-02-17 00:22:14 [2@host15.latinoamericahosting.com]
Interno #1: Ejecutar queuednotification
2023-02-17 00:27:25 [2@host15.latinoamericahosting.com]
Interno #1: Ejecutar mailgate
2023-02-17 00:32:37 [2@host15.latinoamericahosting.com]
Interno #1: Ejecutar contract
2023-02-17 00:37:40 [2@host15.latinoamericahosting.com]
Interno #1: Ejecutar planningrecall
2023-02-17 00:42:43 [2@host15.latinoamericahosting.com]
Interno #1: Ejecutar infocom
2023-02-17 00:47:45 [2@host15.latinoamericahosting.com]
Interno #1: Ejecutar session
2023-02-17 00:53:10 [2@host15.latinoamericahosting.com]
Interno #1: Ejecutar slaticket
2023-02-17 00:58:12 [2@host15.latinoamericahosting.com]
Interno #1: Ejecutar createinquest
2023-02-17 01:03:18 [2@host15.latinoamericahosting.com]
Interno #1: Ejecutar graph
2023-02-17 01:08:19 [2@host15.latinoamericahosting.com]
Interno #1: Ejecutar olaticket
2023-02-17 01:13:38 [2@host15.latinoamericahosting.com]
Interno #1: Ejecutar queuednotification
2023-02-17 01:18:41 [2@host15.latinoamericahosting.com]
Interno #1: Ejecutar reservation
2023-02-17 16:47:51 [@host15.latinoamericahosting.com]
Interno #1: Ejecutar mailgate
2023-02-17 17:51:06 [2@host15.latinoamericahosting.com]
Interno #1: Ejecutar RecurrentItems
2023-02-17 17:58:09 [@host15.latinoamericahosting.com]
Interno #1: Ejecutar planningrecall
2023-02-17 17:58:30 [@host15.latinoamericahosting.com]
Interno #1: Ejecutar temp
2023-02-17 17:58:46 [@host15.latinoamericahosting.com]
Interno #1: Ejecutar slaticket
2023-02-17 22:00:52 [2@host15.latinoamericahosting.com]
Interno #1: Ejecutar olaticket
2023-02-18 00:33:12 [2@host15.latinoamericahosting.com]
Interno #1: Ejecutar queuednotification
2023-02-18 00:33:19 [@host15.latinoamericahosting.com]
Interno #1: Ejecutar graph
2023-02-18 00:38:50 [@host15.latinoamericahosting.com]
Interno #1: Ejecutar reservation
2023-02-18 00:39:09 [@host15.latinoamericahosting.com]
Interno #1: Ejecutar closeticket
2023-02-18 00:40:09 [@host15.latinoamericahosting.com]
Interno #1: Ejecutar alertnotclosed
2023-02-18 00:42:22 [@host15.latinoamericahosting.com]
Interno #1: Ejecutar mailgate
2023-02-18 00:42:49 [@host15.latinoamericahosting.com]
Interno #1: Ejecutar slaticket
2023-02-18 00:57:33 [@host15.latinoamericahosting.com]
Interno #1: Ejecutar planningrecall
2023-02-18 00:58:03 [@host15.latinoamericahosting.com]
Interno #1: Ejecutar RecurrentItems
2023-02-18 00:58:14 [@host15.latinoamericahosting.com]
Interno #1: Ejecutar temp
2023-02-18 00:58:50 [@host15.latinoamericahosting.com]
Interno #1: Ejecutar olaticket
2023-02-18 01:05:09 [2@host15.latinoamericahosting.com]
Interno #1: Ejecutar watcher
2023-02-18 01:20:22 [2@host15.latinoamericahosting.com]
Interno #1: Ejecutar queuednotificationclean
2023-02-18 01:20:47 [@host15.latinoamericahosting.com]
Interno #1: Ejecutar mailgateerror
2023-02-19 21:39:35 [@host15.latinoamericahosting.com]
Interno #1: Ejecutar certificate
2023-02-19 21:40:18 [@host15.latinoamericahosting.com]
Interno #1: Ejecutar contract
2023-02-19 21:51:17 [2@host15.latinoamericahosting.com]
Interno #1: Ejecutar queuednotification
2023-02-19 21:56:19 [2@host15.latinoamericahosting.com]
Interno #1: Ejecutar infocom
2023-02-19 22:02:28 [2@host15.latinoamericahosting.com]
Interno #1: Ejecutar session
2023-02-19 22:15:31 [2@host15.latinoamericahosting.com]
Interno #1: Ejecutar slaticket
2023-02-19 22:20:35 [2@host15.latinoamericahosting.com]
Interno #1: Ejecutar mailgate
2023-02-19 22:25:40 [2@host15.latinoamericahosting.com]
Interno #1: Ejecutar createinquest
2023-02-19 22:30:44 [2@host15.latinoamericahosting.com]
Interno #1: Ejecutar planningrecall
2023-02-19 22:35:51 [2@host15.latinoamericahosting.com]
Interno #1: Ejecutar olaticket
2023-02-19 23:32:12 [2@host15.latinoamericahosting.com]
Interno #1: Ejecutar graph
2023-02-19 23:37:16 [2@host15.latinoamericahosting.com]
Interno #1: Ejecutar reservation
2023-02-19 23:42:25 [2@host15.latinoamericahosting.com]
Interno #1: Ejecutar RecurrentItems
2023-02-19 23:47:26 [2@host15.latinoamericahosting.com]
Interno #1: Ejecutar temp
2023-02-19 23:52:30 [2@host15.latinoamericahosting.com]
Interno #1: Ejecutar closeticket
2023-02-19 23:57:36 [2@host15.latinoamericahosting.com]
Interno #1: Ejecutar alertnotclosed
2023-02-20 00:02:53 [2@host15.latinoamericahosting.com]
Interno #1: Ejecutar watcher
2023-02-20 00:08:07 [2@host15.latinoamericahosting.com]
Interno #1: Ejecutar queuednotificationclean
2023-02-20 00:13:10 [2@host15.latinoamericahosting.com]
Interno #1: Ejecutar mailgateerror
2023-02-20 00:18:43 [2@host15.latinoamericahosting.com]
Interno #1: Ejecutar queuednotification
2023-02-20 00:23:45 [2@host15.latinoamericahosting.com]
Interno #1: Ejecutar slaticket
2023-02-20 00:29:38 [2@host15.latinoamericahosting.com]
Interno #1: Ejecutar mailgate
2023-02-20 00:35:10 [2@host15.latinoamericahosting.com]
Interno #1: Ejecutar planningrecall
2023-02-20 00:40:19 [2@host15.latinoamericahosting.com]
Interno #1: Ejecutar olaticket
2023-02-20 00:46:05 [2@host15.latinoamericahosting.com]
Interno #1: Ejecutar queuednotification
2023-02-20 00:51:15 [2@host15.latinoamericahosting.com]
Interno #1: Ejecutar slaticket
2023-02-20 00:57:08 [2@host15.latinoamericahosting.com]
Interno #1: Ejecutar graph
2023-02-20 01:02:08 [2@host15.latinoamericahosting.com]
Interno #1: Ejecutar reservation
2023-02-20 01:03:21 [@host15.latinoamericahosting.com]
Interno #1: Ejecutar mailgate
2023-02-20 09:39:45 [@host15.latinoamericahosting.com]
Interno #1: Ejecutar planningrecall
2023-02-20 13:15:59 [2@host15.latinoamericahosting.com]
Interno #1: Ejecutar RecurrentItems
2023-02-27 15:35:08 [@host15.latinoamericahosting.com]
Interno #1: Ejecutar olaticket
2023-02-27 15:39:08 [@host15.latinoamericahosting.com]
Interno #1: Ejecutar queuednotification
2023-02-27 15:46:05 [823@host15.latinoamericahosting.com]
Interno #1: Ejecutar temp
2023-02-27 15:49:24 [@host15.latinoamericahosting.com]
Interno #1: Ejecutar slaticket
2023-02-27 15:56:02 [2@host15.latinoamericahosting.com]
Interno #1: Ejecutar mailgate
2023-02-27 16:01:18 [2@host15.latinoamericahosting.com]
Interno #1: Ejecutar graph
2023-03-01 21:07:25 [@HOKMA-WS002]
Interno #1: Ejecutar reservation
2023-03-01 21:33:21 [2@HOKMA-WS002]
Interno #1: Ejecutar planningrecall
2023-03-01 21:34:31 [@HOKMA-WS002]
Interno #1: Ejecutar closeticket
2023-03-01 21:37:30 [@HOKMA-WS002]
Interno #1: Ejecutar alertnotclosed
2023-03-01 21:41:04 [@HOKMA-WS002]
Interno #1: Ejecutar RecurrentItems
2023-03-01 21:41:54 [@HOKMA-WS002]
Interno #1: Ejecutar certificate
2023-03-01 22:13:57 [2@HOKMA-WS002]
Interno #1: Ejecutar contract
2023-03-01 22:22:41 [@HOKMA-WS002]
Interno #1: Ejecutar infocom
2023-03-01 22:31:16 [2@HOKMA-WS002]
Interno #1: Ejecutar session
2023-03-01 22:31:22 [823@HOKMA-WS002]
Interno #1: Ejecutar createinquest
2023-03-01 22:36:42 [2@HOKMA-WS002]
Interno #1: Ejecutar watcher
2023-03-01 22:36:44 [823@HOKMA-WS002]
Interno #1: Ejecutar queuednotificationclean
2023-03-01 22:44:05 [823@HOKMA-WS002]
Interno #1: Ejecutar mailgateerror
2023-03-01 22:44:13 [2@HOKMA-WS002]
Interno #1: Ejecutar queuednotification
2023-03-01 22:52:38 [823@HOKMA-WS002]
Interno #1: Ejecutar olaticket
2023-03-01 22:55:26 [2@HOKMA-WS002]
Interno #1: Ejecutar slaticket
2023-03-01 22:59:06 [@HOKMA-WS002]
Interno #1: Ejecutar mailgate
2023-03-01 23:06:53 [4@HOKMA-WS002]
Internal #1: Launch temp
2023-03-01 23:06:58 [2@HOKMA-WS002]
Interno #1: Ejecutar graph
2023-03-01 23:07:23 [@HOKMA-WS002]
Interno #1: Ejecutar planningrecall
2023-03-01 23:20:11 [2@HOKMA-WS002]
Interno #1: Ejecutar reservation
2023-03-01 23:25:04 [@HOKMA-WS002]
Interno #1: Ejecutar RecurrentItems
2023-03-01 23:29:57 [2@HOKMA-WS002]
Interno #1: Ejecutar queuednotification
2023-03-01 23:37:23 [2@HOKMA-WS002]
Interno #1: Ejecutar olaticket
2023-03-01 23:52:21 [@HOKMA-WS002]
Interno #1: Ejecutar slaticket
2023-03-02 14:01:22 [@HOKMA-WS002]
Interno #1: Ejecutar mailgate
2023-03-02 14:01:34 [@HOKMA-WS002]
Interno #1: Ejecutar planningrecall
2023-03-02 14:01:45 [@HOKMA-WS002]
Interno #1: Ejecutar queuednotification
2023-03-02 14:03:03 [@HOKMA-WS002]
Interno #1: Ejecutar olaticket
2023-03-02 14:03:19 [@HOKMA-WS002]
Interno #1: Ejecutar slaticket
2023-03-02 14:03:38 [@HOKMA-WS002]
Interno #1: Ejecutar graph
2023-03-02 14:46:34 [2@HOKMA-WS002]
Interno #1: Ejecutar temp
2023-03-02 16:05:07 [2@HOKMA-WS002]
Interno #1: Ejecutar reservation
2023-03-02 20:16:58 [2@HOKMA-WS002]
Interno #1: Ejecutar RecurrentItems
2023-03-02 20:21:01 [@HOKMA-WS002]
Interno #1: Ejecutar closeticket
2023-03-02 20:22:27 [@HOKMA-WS002]
Interno #1: Lanzar alertnotclosed
2023-03-02 20:22:37 [@HOKMA-WS002]
Interno #1: Lanzar queuednotification
2023-03-02 21:22:02 [2@HOKMA-WS002]
Interno #1: Ejecutar planningrecall
2023-03-02 21:33:12 [@HOKMA-WS002]
Interno #1: Lanzar slaticket
2023-03-02 21:33:22 [@HOKMA-WS002]
Interno #1: Lanzar olaticket
2023-03-02 21:33:35 [@HOKMA-WS002]
Interno #1: Lanzar mailgate
2023-03-02 21:33:59 [2@HOKMA-WS002]
Interno #1: Ejecutar graph
2023-03-02 21:34:34 [823@HOKMA-WS002]
Interno #1: Ejecutar temp
2023-03-03 14:18:56 [@HOKMA-WS002]
Interno #1: Ejecutar reservation
2023-03-03 14:20:49 [@HOKMA-WS002]
Interno #1: Ejecutar queuednotification
2023-03-03 14:21:06 [@HOKMA-WS002]
Interno #1: Ejecutar RecurrentItems
2023-03-03 14:33:16 [823@HOKMA-WS002]
Interno #1: Ejecutar planningrecall
2023-03-03 14:38:51 [823@HOKMA-WS002]
Interno #1: Ejecutar slaticket
2023-03-03 14:39:21 [1348@HOKMA-WS002]
Interno #1: Ejecutar olaticket
2023-03-03 14:44:00 [@HOKMA-WS002]
Interno #1: Ejecutar certificate
2023-03-03 14:47:45 [823@HOKMA-WS002]
Interno #1: Ejecutar mailgate
2023-03-03 14:49:32 [2@HOKMA-WS002]
Interno #1: Ejecutar contract
2023-03-03 14:55:00 [2@HOKMA-WS002]
Interno #1: Ejecutar infocom
2023-03-03 14:55:41 [823@HOKMA-WS002]
Interno #1: Ejecutar session
2023-03-03 15:00:54 [823@HOKMA-WS002]
Interno #1: Ejecutar createinquest
2023-03-03 15:02:55 [2@HOKMA-WS002]
Interno #1: Ejecutar graph
2023-03-03 15:14:00 [2@HOKMA-WS002]
Interno #1: Ejecutar temp
2023-03-03 15:19:34 [2@HOKMA-WS002]
Interno #1: Ejecutar watcher
2023-03-03 15:20:57 [@HOKMA-WS002]
Interno #1: Ejecutar queuednotificationclean
2023-03-03 15:24:48 [2@HOKMA-WS002]
Interno #1: Ejecutar mailgateerror
2023-03-03 15:35:29 [2@HOKMA-WS002]
Interno #1: Ejecutar closeticket
2023-03-03 15:38:42 [823@HOKMA-WS002]
Interno #1: Ejecutar alertnotclosed
2023-03-03 17:41:40 [2@HOKMA-WS002]
Interno #1: Ejecutar queuednotification
2023-03-03 21:14:13 [2@HOKMA-WS002]
Interno #1: Ejecutar planningrecall
2023-03-03 21:29:51 [2@HOKMA-WS002]
Interno #1: Ejecutar slaticket
2023-03-03 22:40:25 [2@HOKMA-WS002]
Interno #1: Ejecutar olaticket
2023-03-03 22:46:32 [2@HOKMA-WS002]
Interno #1: Ejecutar mailgate
2023-03-03 22:49:21 [823@HOKMA-WS002]
Interno #1: Ejecutar reservation
2023-03-03 22:52:02 [2@HOKMA-WS002]
Interno #1: Ejecutar RecurrentItems
2023-03-03 22:57:22 [2@HOKMA-WS002]
Interno #1: Ejecutar graph
2023-03-03 23:05:06 [2@HOKMA-WS002]
Interno #1: Ejecutar temp
2023-03-03 23:14:33 [2@HOKMA-WS002]
Interno #1: Ejecutar queuednotification
2023-03-06 15:00:11 [@HOKMA-WS002]
Interno #1: Ejecutar planningrecall
2023-03-06 15:15:17 [2@HOKMA-WS002]
Interno #1: Ejecutar slaticket
2023-03-06 15:30:58 [2@HOKMA-WS002]
Interno #1: Ejecutar olaticket
2023-03-06 15:31:04 [@HOKMA-WS002]
Interno #1: Ejecutar mailgate
2023-03-06 15:31:16 [@HOKMA-WS002]
Interno #1: Ejecutar queuednotification
2023-03-06 15:32:39 [@HOKMA-WS002]
Interno #1: Ejecutar reservation
2023-03-06 15:35:59 [2@HOKMA-WS002]
Interno #1: Ejecutar RecurrentItems
2023-03-06 15:53:43 [1132@HOKMA-WS002]
Interno #1: Ejecutar graph
2023-03-06 15:54:41 [@HOKMA-WS002]
Interno #1: Ejecutar temp
2023-03-06 15:54:59 [2@HOKMA-WS002]
Interno #1: Ejecutar closeticket
2023-03-06 15:59:44 [@HOKMA-WS002]
Interno #1: Ejecutar alertnotclosed
2023-03-06 16:01:04 [2@HOKMA-WS002]
Interno #1: Ejecutar certificate
2023-03-06 16:05:14 [1132@HOKMA-WS002]
Interno #1: Ejecutar contract
2023-03-06 16:06:22 [2@HOKMA-WS002]
Interno #1: Ejecutar infocom
2023-03-06 16:11:46 [1132@HOKMA-WS002]
Interno #1: Ejecutar session
2023-03-06 16:11:49 [@HOKMA-WS002]
Interno #1: Ejecutar createinquest
2023-03-06 16:13:23 [2@HOKMA-WS002]
Interno #1: Ejecutar watcher
2023-03-06 16:14:18 [@HOKMA-WS002]
Interno #1: Lanzar queuednotificationclean
2023-03-06 16:18:28 [2@HOKMA-WS002]
Interno #1: Ejecutar mailgateerror
2023-03-06 16:18:40 [@HOKMA-WS002]
Interno #1: Ejecutar planningrecall
2023-03-06 16:18:53 [@HOKMA-WS002]
Interno #1: Ejecutar slaticket
2023-03-06 16:19:28 [823@HOKMA-WS002]
Interno #1: Ejecutar queuednotification
2023-03-06 16:19:45 [@HOKMA-WS002]
Interno #1: Lanzar olaticket
2023-03-06 16:44:46 [1348@HOKMA-WS002]
Interno #1: Ejecutar mailgate
2023-03-06 16:44:53 [@HOKMA-WS002]
Interno #1: Lanzar queuednotification
2023-03-06 17:11:44 [2@HOKMA-WS002]
Interno #1: Ejecutar slaticket
2023-03-06 17:12:17 [1348@HOKMA-WS002]
Interno #1: Ejecutar planningrecall
2023-03-06 17:20:45 [2@HOKMA-WS002]
Interno #1: Ejecutar olaticket
2023-03-06 17:37:42 [2@HOKMA-WS002]
Interno #1: Ejecutar reservation
2023-03-06 17:59:14 [1348@HOKMA-WS002]
Interno #1: Ejecutar RecurrentItems
2023-03-06 17:59:35 [823@HOKMA-WS002]
Interno #1: Ejecutar queuednotification
2023-03-06 17:59:59 [@HOKMA-WS002]
Interno #1: Lanzar graph
2023-03-06 18:00:13 [@HOKMA-WS002]
Interno #1: Lanzar mailgate
2023-03-06 18:06:58 [1348@HOKMA-WS002]
Interno #1: Ejecutar temp
2023-03-06 18:26:58 [2@HOKMA-WS002]
Interno #1: Ejecutar slaticket
2023-03-06 18:33:57 [2@HOKMA-WS002]
Interno #1: Ejecutar planningrecall
2023-03-06 18:40:23 [2@HOKMA-WS002]
Interno #1: Ejecutar olaticket
2023-03-06 20:25:22 [2@HOKMA-WS002]
Interno #1: Ejecutar queuednotification
2023-03-06 20:30:24 [2@HOKMA-WS002]
Interno #1: Ejecutar mailgate
2023-03-06 20:35:49 [1132@HOKMA-WS002]
Interno #1: Ejecutar slaticket
2023-03-06 20:39:48 [1348@HOKMA-WS002]
Interno #1: Ejecutar reservation
2023-03-06 20:40:35 [2@HOKMA-WS002]
Interno #1: Ejecutar planningrecall
2023-03-06 20:41:30 [1132@HOKMA-WS002]
Interno #1: Ejecutar olaticket
2023-03-06 20:41:40 [@HOKMA-WS002]
Interno #1: Lanzar graph
2023-03-06 20:44:00 [@HOKMA-WS002]
Interno #1: Lanzar RecurrentItems
2023-03-06 20:47:01 [@HOKMA-WS002]
Interno #1: Lanzar temp
2023-03-06 20:47:14 [2@HOKMA-WS002]
Interno #1: Ejecutar queuednotification
2023-03-06 20:51:19 [@HOKMA-WS002]
Interno #1: Ejecutar mailgate
2023-03-06 20:51:32 [@HOKMA-WS002]
Interno #1: Ejecutar slaticket
2023-03-06 20:51:42 [@HOKMA-WS002]
Interno #1: Ejecutar planningrecall
2023-03-06 20:59:23 [1348@HOKMA-WS002]
Interno #1: Ejecutar olaticket
2023-03-06 21:04:24 [1348@HOKMA-WS002]
Interno #1: Ejecutar queuednotification
2023-03-06 22:09:18 [1307@HOKMA-WS002]
Interno #1: Ejecutar slaticket
2023-03-07 14:28:24 [1348@HOKMA-WS002]
Interno #1: Ejecutar planningrecall
2023-03-07 14:29:01 [@HOKMA-WS002]
Interno #1: Ejecutar mailgate
2023-03-07 14:29:54 [@HOKMA-WS002]
Interno #1: Ejecutar olaticket
2023-03-07 14:32:05 [@HOKMA-WS002]
Interno #1: Ejecutar queuednotification
2023-03-07 14:33:17 [@HOKMA-WS002]
Interno #1: Ejecutar reservation
2023-03-07 15:02:08 [1307@HOKMA-WS002]
Interno #1: Ejecutar graph
2023-03-07 15:02:32 [@HOKMA-WS002]
Interno #1: Ejecutar RecurrentItems
2023-03-07 15:02:41 [@HOKMA-WS002]
Interno #1: Ejecutar temp
2023-03-07 15:38:49 [2@HOKMA-WS002]
Interno #1: Ejecutar slaticket
2023-03-07 16:36:55 [2@HOKMA-WS002]
Interno #1: Ejecutar closeticket
2023-03-07 16:49:50 [2@HOKMA-WS002]
Interno #1: Ejecutar alertnotclosed
2023-03-07 16:53:46 [@HOKMA-WS002]
Interno #1: Ejecutar planningrecall
2023-03-07 17:44:46 [1307@HOKMA-WS002]
Interno #1: Ejecutar queuednotification
2023-03-07 17:47:01 [@HOKMA-WS002]
Interno #1: Ejecutar olaticket
2023-03-07 17:47:39 [@HOKMA-WS002]
Interno #1: Ejecutar mailgate
2023-03-07 17:49:23 [@HOKMA-WS002]
Interno #1: Ejecutar reservation
2023-03-07 17:56:37 [2@HOKMA-WS002]
Interno #1: Ejecutar slaticket
2023-03-07 18:19:49 [2@HOKMA-WS002]
Interno #1: Ejecutar certificate
2023-03-07 18:32:13 [2@HOKMA-WS002]
Interno #1: Ejecutar graph
2023-03-07 18:35:21 [@HOKMA-WS002]
Interno #1: Lanzar RecurrentItems
2023-03-07 18:37:40 [@HOKMA-WS002]
Interno #1: Ejecutar temp
2023-03-07 18:40:31 [@HOKMA-WS002]
Interno #1: Ejecutar contract
2023-03-07 18:40:51 [@HOKMA-WS002]
Interno #1: Ejecutar infocom
2023-03-07 18:46:08 [1348@HOKMA-WS002]
Interno #1: Ejecutar session
2023-03-07 18:53:46 [1348@HOKMA-WS002]
Interno #1: Ejecutar createinquest
2023-03-07 18:56:59 [1307@HOKMA-WS002]
Interno #1: Ejecutar watcher
2023-03-07 18:59:16 [1348@HOKMA-WS002]
Interno #1: Ejecutar queuednotificationclean
2023-03-07 19:33:21 [1348@HOKMA-WS002]
Interno #1: Ejecutar mailgateerror
2023-03-07 19:38:55 [@HOKMA-WS002]
Interno #1: Lanzar planningrecall
2023-03-07 19:43:46 [1348@HOKMA-WS002]
Interno #1: Ejecutar queuednotification
2023-03-07 20:15:30 [1132@HOKMA-WS002]
Interno #1: Ejecutar olaticket
2023-03-07 20:19:10 [@HOKMA-WS002]
Interno #1: Ejecutar mailgate
2023-03-07 20:22:37 [@HOKMA-WS002]
Interno #1: Ejecutar slaticket
2023-03-07 20:53:45 [@HOKMA-WS002]
Interno #1: Lanzar reservation
2023-03-07 20:53:57 [@HOKMA-WS002]
Interno #1: Lanzar graph
2023-03-07 20:56:16 [@HOKMA-WS002]
Interno #1: Lanzar RecurrentItems
2023-03-07 20:58:36 [@HOKMA-WS002]
Interno #1: Lanzar temp
2023-03-07 21:00:01 [@HOKMA-WS002]
Interno #1: Lanzar planningrecall
2023-03-07 21:02:08 [@HOKMA-WS002]
Interno #1: Lanzar queuednotification
2023-03-07 21:02:17 [@HOKMA-WS002]
Interno #1: Lanzar olaticket
2023-03-07 21:04:38 [@HOKMA-WS002]
Interno #1: Lanzar slaticket
2023-03-07 21:27:44 [@HOKMA-WS002]
Interno #1: Lanzar mailgate
2023-03-07 21:30:37 [@HOKMA-WS002]
Interno #1: Lanzar queuednotification
2023-03-07 21:30:50 [@HOKMA-WS002]
Interno #1: Lanzar planningrecall
2023-03-07 21:31:11 [@HOKMA-WS002]
Interno #1: Ejecutar olaticket
2023-03-07 21:32:30 [@HOKMA-WS002]
Interno #1: Ejecutar slaticket
2023-03-07 21:33:36 [@HOKMA-WS002]
Interno #1: Lanzar queuednotification
2023-03-07 22:00:18 [1307@HOKMA-WS002]
Interno #1: Ejecutar queuednotification
2023-03-07 22:00:33 [1348@HOKMA-WS002]
Interno #1: Ejecutar planningrecall
2023-03-07 22:03:49 [@HOKMA-WS002]
Interno #1: Ejecutar olaticket
2023-03-07 22:04:00 [@HOKMA-WS002]
Interno #1: Ejecutar mailgate
2023-03-07 22:04:13 [@HOKMA-WS002]
Interno #1: Ejecutar slaticket
2023-03-07 22:07:00 [1132@HOKMA-WS002]
Interno #1: Ejecutar graph
2023-03-07 22:07:36 [823@HOKMA-WS002]
Interno #1: Ejecutar reservation
2023-03-08 14:42:47 [@HOKMA-WS002]
Interno #1: Ejecutar RecurrentItems
2023-03-08 14:44:05 [@HOKMA-WS002]
Interno #1: Lanzar temp
2023-03-08 15:20:19 [1307@HOKMA-WS002]
Interno #1: Ejecutar queuednotification
2023-03-08 15:26:03 [1307@HOKMA-WS002]
Interno #1: Ejecutar planningrecall
2023-03-08 15:35:43 [1348@HOKMA-WS002]
Interno #1: Ejecutar olaticket
2023-03-08 15:45:43 [1348@HOKMA-WS002]
Interno #1: Ejecutar slaticket
2023-03-08 15:45:54 [1307@HOKMA-WS002]
Interno #1: Ejecutar mailgate
2023-03-08 15:46:23 [823@HOKMA-WS002]
Interno #1: Ejecutar graph
2023-03-08 15:47:36 [@HOKMA-WS002]
Interno #1: Lanzar reservation
2023-03-08 15:51:29 [1307@HOKMA-WS002]
Interno #1: Ejecutar closeticket
2023-03-08 15:57:36 [1307@HOKMA-WS002]
Interno #1: Ejecutar alertnotclosed
2023-03-08 16:02:46 [1348@HOKMA-WS002]
Interno #1: Ejecutar queuednotification
2023-03-08 16:02:59 [@HOKMA-WS002]
Interno #1: Ejecutar planningrecall
2023-03-08 16:03:10 [@HOKMA-WS002]
Interno #1: Ejecutar olaticket
2023-03-08 19:27:07 [@HOKMA-WS002]
Interno #1: Ejecutar RecurrentItems
2023-03-08 22:33:18 [@HOKMA-WS002]
Interno #1: Ejecutar temp
2023-03-08 22:33:44 [@HOKMA-WS002]
Interno #1: Ejecutar slaticket
2023-03-08 22:38:55 [2@HOKMA-WS002]
Interno #1: Ejecutar mailgate
2023-03-08 22:59:31 [2@HOKMA-WS002]
Interno #1: Ejecutar queuednotification
2023-03-08 23:13:58 [2@HOKMA-WS002]
Interno #1: Ejecutar planningrecall
2023-03-09 18:16:12 [@HOKMA-WS002]
Interno #1: Ejecutar olaticket
2023-03-09 18:16:14 [@HOKMA-WS002]
Interno #1: Ejecutar graph
2023-03-09 18:18:17 [@HOKMA-WS002]
Interno #1: Ejecutar reservation
2023-03-09 18:37:53 [2@HOKMA-WS002]
Interno #1: Ejecutar certificate
2023-03-09 22:19:34 [2@HOKMA-WS002]
Interno #1: Ejecutar contract
2023-03-09 22:20:07 [@HOKMA-WS002]
Interno #1: Lanzar infocom
2023-03-09 23:26:17 [2@HOKMA-WS002]
Interno #1: Ejecutar session
2023-03-09 23:26:48 [@HOKMA-WS002]
Interno #1: Lanzar createinquest
2023-03-09 23:33:15 [2@HOKMA-WS002]
Interno #1: Ejecutar watcher
2023-03-09 23:40:59 [2@HOKMA-WS002]
Interno #1: Ejecutar queuednotificationclean
2023-03-09 23:41:13 [1307@HOKMA-WS002]
Interno #1: Ejecutar mailgateerror
2023-03-09 23:46:31 [2@HOKMA-WS002]
Interno #1: Ejecutar RecurrentItems
2023-03-09 23:47:55 [1307@HOKMA-WS002]
Interno #1: Lanzar slaticket
2023-03-09 23:51:44 [2@HOKMA-WS002]
Interno #1: Ejecutar mailgate
2023-03-09 23:52:58 [1307@HOKMA-WS002]
Interno #1: Lanzar queuednotification
2023-03-09 23:56:51 [2@HOKMA-WS002]
Interno #1: Ejecutar planningrecall
2023-03-10 00:02:11 [2@HOKMA-WS002]
Interno #1: Ejecutar temp
2023-03-10 00:06:02 [1307@HOKMA-WS002]
Interno #1: Lanzar closeticket
2023-03-10 00:07:32 [2@HOKMA-WS002]
Interno #1: Ejecutar alertnotclosed
2023-03-10 00:18:17 [2@HOKMA-WS002]
Interno #1: Ejecutar olaticket
2023-03-10 00:24:09 [2@HOKMA-WS002]
Interno #1: Ejecutar graph
2023-03-10 00:30:32 [2@HOKMA-WS002]
Interno #1: Ejecutar reservation
2023-03-10 00:35:37 [2@HOKMA-WS002]
Interno #1: Ejecutar slaticket
2023-03-10 00:40:56 [2@HOKMA-WS002]
Interno #1: Ejecutar queuednotification
2023-03-10 00:46:10 [2@HOKMA-WS002]
Interno #1: Ejecutar mailgate
2023-03-10 00:55:07 [@HOKMA-WS002]
Interno #1: Ejecutar planningrecall
2023-03-10 01:02:35 [1348@HOKMA-WS002]
Interno #1: Ejecutar olaticket
2023-03-10 01:04:47 [@HOKMA-WS002]
Interno #1: Ejecutar slaticket
2023-03-10 01:12:22 [2@HOKMA-WS002]
Interno #1: Ejecutar queuednotification
2023-03-10 01:17:53 [2@HOKMA-WS002]
Interno #1: Ejecutar RecurrentItems
2023-03-10 01:24:36 [2@HOKMA-WS002]
Interno #1: Ejecutar mailgate
2023-03-10 01:29:43 [2@HOKMA-WS002]
Interno #1: Ejecutar planningrecall
2023-03-10 01:35:22 [2@HOKMA-WS002]
Interno #1: Lanzar temp
2023-03-10 01:40:29 [2@HOKMA-WS002]
Interno #1: Lanzar olaticket
2023-03-10 01:46:18 [2@HOKMA-WS002]
Interno #1: Lanzar slaticket
2023-03-10 20:33:35 [2@HOKMA-WS002]
Interno #1: Lanzar queuednotification
2023-03-13 13:27:40 [2@HOKMA-WS002]
Interno #1: Lanzar graph
2023-03-13 13:32:00 [@HOKMA-WS002]
Interno #1: Lanzar reservation
2023-03-13 13:39:21 [2@HOKMA-WS002]
Interno #1: Lanzar mailgate
2023-03-13 13:44:45 [823@HOKMA-WS002]
Interno #1: Ejecutar planningrecall
2023-03-13 13:46:09 [@HOKMA-WS002]
Interno #1: Lanzar olaticket
2023-03-13 13:55:28 [2@HOKMA-WS002]
Interno #1: Lanzar slaticket
2023-03-13 14:10:00 [2@HOKMA-WS002]
Interno #1: Lanzar RecurrentItems
2023-03-13 14:27:22 [2@HOKMA-WS002]
Interno #1: Lanzar temp
2023-03-13 16:08:32 [2@HOKMA-WS002]
Interno #1: Lanzar closeticket
2023-03-13 19:03:26 [2@HOKMA-WS002]
Interno #1: Lanzar alertnotclosed
2023-03-13 19:23:37 [2@HOKMA-WS002]
Interno #1: Lanzar certificate
2023-03-13 19:35:51 [2@HOKMA-WS002]
Interno #1: Lanzar queuednotification
2023-03-13 19:41:51 [2@HOKMA-WS002]
Interno #1: Lanzar contract
2023-03-13 22:12:21 [2@HOKMA-WS002]
Interno #1: Lanzar infocom
2023-03-13 22:17:23 [2@HOKMA-WS002]
Interno #1: Lanzar session
2023-03-13 22:23:22 [2@HOKMA-WS002]
Interno #1: Lanzar createinquest
2023-03-13 22:28:34 [2@HOKMA-WS002]
Interno #1: Lanzar watcher
2023-03-13 22:33:36 [2@HOKMA-WS002]
Interno #1: Lanzar queuednotificationclean
2023-03-13 22:38:42 [2@HOKMA-WS002]
Interno #1: Lanzar mailgateerror
2023-03-13 22:44:26 [2@HOKMA-WS002]
Interno #1: Lanzar mailgate
2023-03-13 22:52:04 [2@HOKMA-WS002]
Interno #1: Lanzar planningrecall
2023-03-13 22:58:22 [2@HOKMA-WS002]
Interno #1: Lanzar olaticket
2023-03-13 23:03:27 [2@HOKMA-WS002]
Interno #1: Lanzar slaticket
2023-03-13 23:08:39 [2@HOKMA-WS002]
Interno #1: Lanzar graph
2023-03-13 23:14:00 [2@HOKMA-WS002]
Interno #1: Lanzar reservation
2023-03-13 23:19:39 [2@HOKMA-WS002]
Interno #1: Lanzar RecurrentItems
2023-03-13 23:24:44 [2@HOKMA-WS002]
Interno #1: Lanzar temp
2023-03-13 23:29:51 [2@HOKMA-WS002]
Interno #1: Lanzar queuednotification
2023-03-13 23:35:11 [2@HOKMA-WS002]
Interno #1: Lanzar mailgate
2023-03-13 23:40:34 [2@HOKMA-WS002]
Interno #1: Lanzar planningrecall
2023-03-13 23:51:16 [2@HOKMA-WS002]
Interno #1: Lanzar olaticket
2023-03-14 15:27:36 [2@HOKMA-WS002]
Interno #1: Lanzar slaticket
2023-03-14 15:38:40 [2@HOKMA-WS002]
Interno #1: Lanzar queuednotification
2023-03-14 22:52:40 [2@HOKMA-WS002]
Interno #1: Lanzar mailgate
2023-03-15 16:44:58 [2@HOKMA-WS002]
Interno #1: Lanzar planningrecall
2023-03-15 16:50:27 [2@HOKMA-WS002]
Interno #1: Lanzar olaticket
2023-03-15 17:00:11 [2@HOKMA-WS002]
Interno #1: Lanzar graph
2023-03-15 17:06:04 [2@HOKMA-WS002]
Interno #1: Lanzar reservation
2023-03-15 17:12:11 [2@HOKMA-WS002]
Interno #1: Lanzar RecurrentItems
2023-03-15 17:19:02 [2@HOKMA-WS002]
Interno #1: Lanzar temp
2023-03-15 17:41:54 [2@HOKMA-WS002]
Interno #1: Lanzar closeticket
2023-03-15 17:48:39 [2@HOKMA-WS002]
Interno #1: Lanzar alertnotclosed
2023-03-15 17:53:45 [2@HOKMA-WS002]
Interno #1: Lanzar slaticket
2023-03-15 17:59:07 [2@HOKMA-WS002]
Interno #1: Lanzar queuednotification
2023-03-15 18:04:35 [2@HOKMA-WS002]
Interno #1: Lanzar certificate
2023-03-15 19:07:22 [2@HOKMA-WS002]
Interno #1: Lanzar contract
2023-03-15 19:35:04 [2@HOKMA-WS002]
Interno #1: Lanzar infocom
2023-03-15 19:40:34 [2@HOKMA-WS002]
Interno #1: Lanzar session
2023-03-15 20:52:35 [2@HOKMA-WS002]
Interno #1: Lanzar createinquest
2023-03-15 20:58:02 [2@HOKMA-WS002]
Interno #1: Lanzar watcher
2023-03-15 21:13:45 [2@HOKMA-WS002]
Interno #1: Lanzar queuednotificationclean
2023-03-15 21:20:50 [2@HOKMA-WS002]
Interno #1: Lanzar mailgateerror
2023-03-15 21:26:57 [2@HOKMA-WS002]
Interno #1: Lanzar mailgate
2023-03-15 21:40:21 [2@HOKMA-WS002]
Interno #1: Lanzar planningrecall
2023-03-15 21:50:53 [2@HOKMA-WS002]
Interno #1: Lanzar olaticket
2023-03-15 21:56:07 [2@HOKMA-WS002]
Interno #1: Lanzar slaticket
2023-03-15 22:01:27 [2@HOKMA-WS002]
Interno #1: Lanzar graph
2023-03-15 22:07:45 [2@HOKMA-WS002]
Interno #1: Lanzar queuednotification
2023-03-15 22:12:46 [2@HOKMA-WS002]
Interno #1: Lanzar reservation
2023-03-15 22:18:10 [2@HOKMA-WS002]
Interno #1: Lanzar RecurrentItems
2023-03-15 22:25:09 [2@HOKMA-WS002]
Interno #1: Lanzar temp
2023-03-15 22:30:15 [2@HOKMA-WS002]
Interno #1: Lanzar mailgate
2023-03-15 22:35:25 [2@HOKMA-WS002]
Interno #1: Lanzar planningrecall
2023-03-15 22:40:37 [2@HOKMA-WS002]
Interno #1: Lanzar olaticket
2023-03-16 17:05:48 [2@HOKMA-WS002]
Interno #1: Lanzar slaticket
2023-03-16 17:28:02 [2@HOKMA-WS002]
Interno #1: Lanzar queuednotification
2023-03-16 17:32:27 [@HOKMA-WS002]
Interno #1: Ejecutar mailgate
2023-03-16 17:33:04 [@HOKMA-WS002]
Interno #1: Ejecutar planningrecall
2023-03-16 18:23:12 [2@HOKMA-WS002]
Interno #1: Lanzar olaticket
2023-03-16 19:48:29 [2@HOKMA-WS002]
Interno #1: Lanzar graph
2023-03-16 21:40:09 [2@HOKMA-WS002]
Interno #1: Lanzar reservation
2023-03-16 21:45:15 [2@HOKMA-WS002]
Interno #1: Lanzar RecurrentItems
2023-03-16 21:51:45 [2@HOKMA-WS002]
Interno #1: Lanzar temp
2023-03-16 21:56:55 [2@HOKMA-WS002]
Interno #1: Lanzar closeticket
2023-03-17 00:27:38 [2@HOKMA-WS002]
Interno #1: Lanzar alertnotclosed
2023-03-17 00:33:26 [2@HOKMA-WS002]
Interno #1: Lanzar slaticket
2023-03-17 00:38:59 [2@HOKMA-WS002]
Interno #1: Lanzar queuednotification
2023-03-17 00:44:12 [2@HOKMA-WS002]
Interno #1: Lanzar planningrecall
2023-03-17 00:50:41 [2@HOKMA-WS002]
Interno #1: Lanzar mailgate
2023-03-17 00:55:45 [2@HOKMA-WS002]
Interno #1: Lanzar certificate
2023-03-17 01:00:46 [2@HOKMA-WS002]
Interno #1: Lanzar olaticket
2023-03-17 01:06:01 [2@HOKMA-WS002]
Interno #1: Lanzar contract
2023-03-17 01:11:25 [2@HOKMA-WS002]
Interno #1: Lanzar infocom
2023-03-17 01:16:38 [2@HOKMA-WS002]
Interno #1: Lanzar session
2023-03-17 14:47:01 [2@HOKMA-WS002]
Interno #1: Lanzar graph
2023-03-17 14:52:15 [2@HOKMA-WS002]
Interno #1: Lanzar createinquest
2023-03-17 15:14:22 [2@HOKMA-WS002]
Interno #1: Lanzar watcher
2023-03-17 16:37:27 [2@HOKMA-WS002]
Interno #1: Lanzar queuednotificationclean
2023-03-17 16:43:39 [2@HOKMA-WS002]
Interno #1: Lanzar mailgateerror
2023-03-17 16:49:01 [2@HOKMA-WS002]
Interno #1: Lanzar reservation
2023-03-17 16:54:14 [2@HOKMA-WS002]
Interno #1: Lanzar RecurrentItems
2023-03-17 16:59:16 [2@HOKMA-WS002]
Interno #1: Lanzar temp
2023-03-17 17:04:31 [2@HOKMA-WS002]
Interno #1: Lanzar slaticket
2023-03-17 17:09:59 [2@HOKMA-WS002]
Interno #1: Lanzar queuednotification
2023-03-17 17:15:05 [2@HOKMA-WS002]
Interno #1: Lanzar planningrecall
2023-03-17 17:20:08 [2@HOKMA-WS002]
Interno #1: Lanzar mailgate
2023-03-17 17:25:23 [2@HOKMA-WS002]
Interno #1: Lanzar olaticket
2023-03-17 17:30:29 [2@HOKMA-WS002]
Interno #1: Lanzar closeticket
2023-03-17 17:36:12 [2@HOKMA-WS002]
Interno #1: Lanzar alertnotclosed
2023-03-17 17:41:23 [2@HOKMA-WS002]
Interno #1: Lanzar graph
2023-03-17 17:48:20 [2@HOKMA-WS002]
Interno #1: Lanzar slaticket
2023-03-17 17:54:57 [2@HOKMA-WS002]
Interno #1: Lanzar queuednotification
2023-03-17 18:00:29 [2@HOKMA-WS002]
Interno #1: Lanzar planningrecall
2023-03-17 18:05:37 [2@HOKMA-WS002]
Interno #1: Lanzar mailgate
2023-03-17 18:11:32 [2@HOKMA-WS002]
Interno #1: Lanzar olaticket
2023-03-17 18:20:25 [2@HOKMA-WS002]
Interno #1: Lanzar reservation
2023-03-17 18:22:17 [@HOKMA-WS002]
Interno #1: Ejecutar slaticket
2023-03-17 18:23:18 [@HOKMA-WS002]
Interno #1: Ejecutar RecurrentItems
2023-03-17 18:23:30 [@HOKMA-WS002]
Interno #1: Ejecutar queuednotification
2023-03-17 18:24:06 [@HOKMA-WS002]
Interno #1: Lanzar temp
2023-03-17 18:28:32 [@HOKMA-WS002]
Interno #1: Ejecutar planningrecall
2023-03-17 18:29:45 [@HOKMA-WS002]
Interno #1: Ejecutar mailgate
2023-03-17 18:30:31 [@HOKMA-WS002]
Interno #1: Ejecutar olaticket
2023-03-17 18:31:39 [1307@HOKMA-WS002]
Interno #1: Lanzar queuednotification
2023-03-17 19:41:03 [@HOKMA-WS002]
Interno #1: Ejecutar slaticket
2023-03-17 19:49:11 [2@HOKMA-WS002]
Interno #1: Lanzar queuednotification
2023-03-17 19:49:17 [1307@HOKMA-WS002]
Interno #1: Lanzar planningrecall
2023-03-17 19:51:02 [1348@HOKMA-WS002]
Interno #1: Ejecutar olaticket
2023-03-17 19:55:14 [@HOKMA-WS002]
Interno #1: Ejecutar mailgate
2023-03-17 19:55:46 [@HOKMA-WS002]
Interno #1: Ejecutar graph
2023-03-17 20:03:33 [823@HOKMA-WS002]
Interno #1: Ejecutar reservation
2023-03-17 20:24:50 [1348@HOKMA-WS002]
Interno #1: Ejecutar RecurrentItems
2023-03-17 20:33:32 [1348@HOKMA-WS002]
Interno #1: Ejecutar temp
2023-03-17 20:33:39 [1307@HOKMA-WS002]
Interno #1: Lanzar slaticket
2023-03-17 20:38:46 [1348@HOKMA-WS002]
Interno #1: Ejecutar queuednotification
2023-03-17 20:40:23 [1307@HOKMA-WS002]
Interno #1: Lanzar planningrecall
2023-03-17 20:46:23 [1348@HOKMA-WS002]
Interno #1: Ejecutar olaticket
2023-03-17 20:52:43 [1348@HOKMA-WS002]
Interno #1: Ejecutar mailgate
2023-03-17 21:04:51 [@HOKMA-WS002]
Interno #1: Ejecutar slaticket
2023-03-17 21:05:02 [@HOKMA-WS002]
Interno #1: Ejecutar queuednotification
2023-03-17 21:07:33 [1348@HOKMA-WS002]
Interno #1: Ejecutar planningrecall
2023-03-17 21:21:40 [1348@HOKMA-WS002]
Interno #1: Ejecutar olaticket
2023-03-17 21:35:08 [1348@HOKMA-WS002]
Interno #1: Ejecutar graph
2023-03-17 22:22:15 [@HOKMA-WS002]
Interno #1: Ejecutar mailgate
2023-03-21 21:16:53 [2@HOKMA-WS002]
Interno #1: Lanzar reservation
2023-03-21 21:22:09 [2@HOKMA-WS002]
Interno #1: Lanzar queuednotification
2023-03-21 21:32:20 [2@HOKMA-WS002]
Interno #1: Lanzar slaticket
2023-03-21 21:51:50 [2@HOKMA-WS002]
Interno #1: Lanzar planningrecall
2023-03-21 22:06:07 [2@HOKMA-WS002]
Interno #1: Lanzar RecurrentItems
2023-03-21 22:11:50 [2@HOKMA-WS002]
Interno #1: Lanzar olaticket
2023-03-21 23:10:20 [2@HOKMA-WS002]
Interno #1: Lanzar temp
2023-03-21 23:39:29 [2@HOKMA-WS002]
Interno #1: Lanzar mailgate
2023-03-21 23:45:41 [2@HOKMA-WS002]
Interno #1: Lanzar graph
2023-03-21 23:59:46 [2@HOKMA-WS002]
Interno #1: Lanzar certificate
2023-03-22 00:11:41 [2@HOKMA-WS002]
Interno #1: Lanzar contract
2023-03-22 00:24:42 [2@HOKMA-WS002]
Interno #1: Lanzar infocom
2023-03-22 01:48:44 [2@HOKMA-WS002]
Interno #1: Lanzar session
2023-03-22 15:40:16 [2@HOKMA-WS002]
Interno #1: Lanzar closeticket
2023-03-22 16:44:08 [2@HOKMA-WS002]
Interno #1: Lanzar alertnotclosed
2023-03-22 16:58:15 [2@HOKMA-WS002]
Interno #1: Lanzar createinquest
2023-03-22 17:05:49 [2@HOKMA-WS002]
Interno #1: Lanzar watcher
2023-03-22 17:10:51 [2@HOKMA-WS002]
Interno #1: Lanzar queuednotificationclean
2023-03-22 17:20:41 [2@HOKMA-WS002]
Interno #1: Lanzar mailgateerror
2023-03-22 21:03:08 [2@HOKMA-WS002]
Interno #1: Lanzar queuednotification
2023-07-04 18:09:51 [@HOKMA-WS002]
Interno #1: Lanzar createinquest
2023-07-04 18:12:30 [@HOKMA-WS002]
Interno #1: Ejecutar planningrecall
2023-07-04 18:18:29 [2@HOKMA-WS002]
Interno #1: Ejecutar queuednotification
2023-07-04 18:24:58 [2@HOKMA-WS002]
Interno #1: Ejecutar RecurrentItems
2023-07-04 18:30:21 [2@HOKMA-WS002]
Interno #1: Ejecutar contract
2023-07-04 18:40:03 [2@HOKMA-WS002]
Interno #1: Ejecutar infocom
2023-07-04 18:48:08 [2@HOKMA-WS002]
Interno #1: Ejecutar session
2023-07-04 18:53:37 [2@HOKMA-WS002]
Interno #1: Ejecutar createinquest
2023-07-04 19:00:05 [2@HOKMA-WS002]
Interno #1: Ejecutar watcher
2023-07-04 19:08:41 [2@HOKMA-WS002]
Interno #1: Ejecutar queuednotificationclean
2023-07-04 19:15:19 [2@HOKMA-WS002]
Interno #1: Ejecutar mailgateerror
2023-07-04 19:20:24 [2@HOKMA-WS002]
Interno #1: Ejecutar certificate
2023-07-04 19:26:23 [2@HOKMA-WS002]
Interno #1: Ejecutar olaticket
2023-07-04 20:47:59 [2@HOKMA-WS002]
Interno #1: Ejecutar slaticket
2023-07-04 20:56:51 [2@HOKMA-WS002]
Interno #1: Ejecutar mailgate
2023-07-04 21:02:33 [2@HOKMA-WS002]
Interno #1: Ejecutar temp
2023-07-04 21:13:19 [2@HOKMA-WS002]
Interno #1: Ejecutar graph
2023-07-04 21:28:30 [2@HOKMA-WS002]
Interno #1: Ejecutar reservation
2023-07-05 15:59:49 [2@HOKMA-WS002]
Interno #1: Ejecutar closeticket
2023-07-05 16:04:52 [2@HOKMA-WS002]
Interno #1: Ejecutar alertnotclosed
2023-07-05 16:14:23 [2@HOKMA-WS002]
Interno #1: Ejecutar planningrecall
2023-07-05 16:20:26 [2@HOKMA-WS002]
Interno #1: Ejecutar queuednotification
2023-07-05 18:36:19 [2@HOKMA-WS002]
Interno #1: Ejecutar RecurrentItems
2023-07-05 20:22:33 [2@HOKMA-WS002]
Interno #1: Ejecutar olaticket
2023-07-05 20:28:51 [2@HOKMA-WS002]
Interno #1: Ejecutar slaticket
2023-07-05 21:04:42 [2@HOKMA-WS002]
Interno #1: Ejecutar mailgate
2023-07-06 02:41:54 [2@HOKMA-WS002]
Interno #1: Ejecutar temp
2023-07-10 16:02:28 [2@HOKMA-WS002]
Interno #1: Ejecutar graph
2023-07-10 16:21:47 [2@HOKMA-WS002]
Interno #1: Ejecutar reservation
2023-07-10 16:27:24 [2@HOKMA-WS002]
Interno #1: Ejecutar planningrecall
2023-07-10 16:37:46 [2@HOKMA-WS002]
Interno #1: Ejecutar queuednotification
2023-07-10 16:43:30 [2@HOKMA-WS002]
Interno #1: Ejecutar contract
2023-07-10 16:59:09 [2@HOKMA-WS002]
Interno #1: Ejecutar infocom
2023-07-10 17:12:46 [2@HOKMA-WS002]
Interno #1: Ejecutar session
2023-07-10 17:20:22 [2@HOKMA-WS002]
Interno #1: Ejecutar createinquest
2023-07-10 17:28:17 [2@HOKMA-WS002]
Interno #1: Ejecutar watcher
2023-07-10 17:39:34 [2@HOKMA-WS002]
Interno #1: Ejecutar queuednotificationclean
2023-07-10 17:46:10 [2@HOKMA-WS002]
Interno #1: Ejecutar mailgateerror
2023-07-10 17:51:33 [2@HOKMA-WS002]
Interno #1: Ejecutar certificate
2023-07-10 18:02:00 [2@HOKMA-WS002]
Interno #1: Ejecutar RecurrentItems
2023-07-10 18:07:28 [2@HOKMA-WS002]
Interno #1: Ejecutar olaticket
2023-07-10 18:46:13 [2@HOKMA-WS002]
Interno #1: Ejecutar slaticket
2023-07-10 18:53:52 [2@HOKMA-WS002]
Interno #1: Ejecutar mailgate
2023-07-10 19:07:47 [2@HOKMA-WS002]
Interno #1: Ejecutar temp
2023-07-10 19:27:40 [2@HOKMA-WS002]
Interno #1: Ejecutar closeticket
2023-07-10 19:33:50 [2@HOKMA-WS002]
Interno #1: Ejecutar alertnotclosed
2023-07-10 19:44:25 [2@HOKMA-WS002]
Interno #1: Ejecutar planningrecall
2023-07-10 19:53:18 [2@HOKMA-WS002]
Interno #1: Ejecutar queuednotification
2023-07-10 21:19:29 [2@HOKMA-WS002]
Interno #1: Ejecutar graph
2023-07-10 21:25:39 [2@HOKMA-WS002]
Interno #1: Ejecutar reservation
2023-07-10 21:31:22 [2@HOKMA-WS002]
Interno #1: Ejecutar olaticket
2023-07-10 21:39:06 [2@HOKMA-WS002]
Interno #1: Ejecutar slaticket
2023-07-10 21:45:55 [2@HOKMA-WS002]
Interno #1: Ejecutar RecurrentItems
2023-07-10 21:51:22 [2@HOKMA-WS002]
Interno #1: Ejecutar mailgate
2023-07-10 22:14:23 [2@HOKMA-WS002]
Interno #1: Ejecutar planningrecall
2023-07-10 22:43:02 [2@HOKMA-WS002]
Interno #1: Ejecutar queuednotification
2023-07-10 23:03:38 [2@HOKMA-WS002]
Interno #1: Ejecutar temp
2023-07-10 23:08:49 [2@HOKMA-WS002]
Interno #1: Ejecutar olaticket
2023-07-10 23:14:45 [2@HOKMA-WS002]
Interno #1: Ejecutar slaticket
2023-07-10 23:25:18 [2@HOKMA-WS002]
Interno #1: Ejecutar mailgate
2023-07-10 23:56:31 [2@HOKMA-WS002]
Interno #1: Ejecutar graph
2023-07-11 16:33:19 [@HOKMA-WS002]
Interno #1: Ejecutar planningrecall
2023-07-11 16:33:36 [@HOKMA-WS002]
Interno #1: Ejecutar reservation
2023-07-11 17:04:21 [2@HOKMA-WS002]
Interno #1: Ejecutar queuednotification
2023-07-11 17:04:33 [@HOKMA-WS002]
Interno #1: Ejecutar RecurrentItems
2023-07-11 17:05:15 [@HOKMA-WS002]
Interno #1: Ejecutar olaticket
2023-07-11 17:05:26 [@HOKMA-WS002]
Interno #1: Ejecutar slaticket
2023-07-11 17:06:03 [@HOKMA-WS002]
Interno #1: Ejecutar mailgate
2023-07-11 17:06:15 [@HOKMA-WS002]
Interno #1: Ejecutar temp
2023-07-11 17:09:53 [@HOKMA-WS002]
Interno #1: Ejecutar graph
2023-07-11 17:15:00 [@HOKMA-WS002]
Interno #1: Ejecutar closeticket
2023-07-11 17:15:13 [@HOKMA-WS002]
Interno #1: Ejecutar alertnotclosed
2023-07-11 17:20:28 [5@HOKMA-WS002]
Interno #1: Ejecutar planningrecall
2023-07-11 17:24:06 [@HOKMA-WS002]
Interno #1: Ejecutar contract
2023-07-11 17:24:47 [@HOKMA-WS002]
Interno #1: Ejecutar infocom
2023-07-11 17:29:59 [2@HOKMA-WS002]
Interno #1: Ejecutar queuednotification
2023-07-11 17:37:15 [2@HOKMA-WS002]
Interno #1: Ejecutar slaticket
2023-07-11 17:42:24 [2@HOKMA-WS002]
Interno #1: Ejecutar olaticket
2023-07-11 17:42:38 [@HOKMA-WS002]
Interno #1: Ejecutar session
2023-07-11 17:45:38 [@HOKMA-WS002]
Interno #1: Ejecutar mailgate
2023-07-11 17:51:47 [@HOKMA-WS002]
Interno #1: Ejecutar createinquest
2023-07-11 17:53:45 [@HOKMA-WS002]
Interno #1: Ejecutar planningrecall
2023-07-11 17:58:13 [@HOKMA-WS002]
Interno #1: Ejecutar watcher
2023-07-11 17:58:24 [@HOKMA-WS002]
Interno #1: Ejecutar queuednotification
2023-07-11 17:59:48 [@HOKMA-WS002]
Interno #1: Ejecutar reservation
2023-07-11 18:00:53 [@HOKMA-WS002]
Interno #1: Ejecutar queuednotificationclean
2023-07-11 19:19:51 [4@HOKMA-WS002]
Interno #1: Ejecutar slaticket
2023-07-11 20:23:20 [4@HOKMA-WS002]
Interno #1: Ejecutar mailgateerror
2023-07-11 20:29:13 [4@HOKMA-WS002]
Interno #1: Ejecutar olaticket
2023-07-11 20:39:36 [4@HOKMA-WS002]
Interno #1: Ejecutar certificate
2023-07-11 21:13:39 [4@HOKMA-WS002]
Interno #1: Ejecutar mailgate
2023-07-11 21:41:34 [4@HOKMA-WS002]
Interno #1: Ejecutar planningrecall
2023-07-11 21:41:50 [@HOKMA-WS002]
Interno #1: Ejecutar queuednotification
2023-07-11 21:43:10 [@HOKMA-WS002]
Interno #1: Ejecutar RecurrentItems
2023-07-11 21:50:00 [4@HOKMA-WS002]
Interno #1: Ejecutar temp
2023-07-12 01:36:43 [4@HOKMA-WS002]
Interno #1: Ejecutar graph
2023-07-12 01:45:16 [4@HOKMA-WS002]
Interno #1: Ejecutar reservation
2023-07-12 02:15:06 [4@HOKMA-WS002]
Interno #1: Ejecutar slaticket
2023-07-12 02:31:12 [4@HOKMA-WS002]
Interno #1: Ejecutar olaticket
2023-07-12 02:43:41 [4@HOKMA-WS002]
Interno #1: Ejecutar mailgate
2023-07-12 03:18:54 [4@HOKMA-WS002]
Interno #1: Ejecutar queuednotification
2023-07-12 03:18:58 [@HOKMA-WS002]
Interno #1: Ejecutar planningrecall
2023-07-12 03:19:09 [@HOKMA-WS002]
Interno #1: Ejecutar RecurrentItems
2023-07-12 03:37:00 [5@HOKMA-WS002]
Interno #1: Ejecutar temp
2023-07-12 04:22:22 [@HOKMA-WS002]
Interno #1: Ejecutar slaticket
2023-07-12 04:29:51 [2@HOKMA-WS002]
Interno #1: Ejecutar graph
2023-07-12 04:33:31 [@HOKMA-WS002]
Interno #1: Ejecutar olaticket
2023-07-12 04:36:47 [@HOKMA-WS002]
Interno #1: Ejecutar reservation
2023-07-12 04:37:07 [@HOKMA-WS002]
Interno #1: Ejecutar mailgate
2023-07-12 04:45:49 [5@HOKMA-WS002]
Interno #1: Ejecutar queuednotification
2023-07-12 04:51:59 [5@HOKMA-WS002]
Interno #1: Ejecutar planningrecall
2023-07-12 04:57:03 [5@HOKMA-WS002]
Interno #1: Ejecutar RecurrentItems
2023-07-12 05:05:55 [5@HOKMA-WS002]
Interno #1: Ejecutar slaticket
2023-07-12 05:12:08 [5@HOKMA-WS002]
Interno #1: Ejecutar temp
2023-07-12 05:18:52 [@HOKMA-WS002]
Interno #1: Ejecutar olaticket
2023-07-12 05:19:03 [@HOKMA-WS002]
Interno #1: Ejecutar queuednotification
2023-07-12 05:19:33 [@HOKMA-WS002]
Interno #1: Ejecutar mailgate
2023-08-09 22:50:13 [@HOKMA-WS002]
Interno #1: Ejecutar planningrecall
2023-08-09 23:23:13 [@HOKMA-WS002]
Interno #1: Nada que ejecutar
2023-08-09 23:23:19 [@HOKMA-WS002]
Interno #1: Nada que ejecutar
2023-08-09 23:23:41 [@HOKMA-WS002]
Interno #1: Nada que ejecutar
2023-08-09 23:29:12 [@HOKMA-WS002]
Interno #1: Nada que ejecutar
2023-08-09 23:52:05 [@HOKMA-WS002]
Interno #1: Nada que ejecutar
2023-08-09 23:56:04 [@HOKMA-WS002]
Interno #1: Nada que ejecutar
2023-08-10 00:02:28 [@HOKMA-WS002]
Interno #1: Nada que ejecutar
2023-08-10 00:02:42 [@HOKMA-WS002]
Interno #1: Nada que ejecutar
2023-08-10 17:01:08 [2@HOKMA-WS002]
Interno #1: Nada que ejecutar
2023-08-10 18:31:33 [2@HOKMA-WS002]
Interno #1: Ejecutar slaticket
2023-08-10 18:40:54 [2@HOKMA-WS002]
Interno #1: Ejecutar closeticket
2023-08-10 20:33:43 [2@HOKMA-WS002]
Interno #1: Ejecutar alertnotclosed
2023-08-11 17:40:48 [@HOKMA-WS002]
Interno #1: Ejecutar queuednotification
