2023-01-24 00:27:43 [@DESKTOP-2QEQUKR]
[login] 3: glpi inició la sesión desde la IP 127.0.0.1
2023-01-24 19:32:21 [@DESKTOP-2QEQUKR]
[login] 3: glpi inició la sesión desde la IP 127.0.0.1
2023-01-27 19:18:56 [@DESKTOP-2QEQUKR]
[login] 3: glpi inició la sesión desde la IP 127.0.0.1
2023-01-27 22:30:27 [@DESKTOP-2QEQUKR]
[login] 3: normal inició la sesión desde la IP 127.0.0.1
2023-01-27 22:30:44 [@DESKTOP-2QEQUKR]
[login] 3: Fallo en el inicio de sesión de wycruz desde la IP 127.0.0.1
2023-01-27 22:37:17 [@DESKTOP-2QEQUKR]
[login] 3: glpi inició la sesión desde la IP 127.0.0.1
2023-01-27 22:37:46 [@DESKTOP-2QEQUKR]
[login] 3: Fallo en el inicio de sesión de wycruz desde la IP 127.0.0.1
2023-01-27 22:54:07 [@DESKTOP-2QEQUKR]
[login] 3: Fallo en el inicio de sesión de wycruz desde la IP 127.0.0.1
2023-01-27 22:55:42 [@DESKTOP-2QEQUKR]
[login] 3: glpi inició la sesión desde la IP 127.0.0.1
2023-01-30 20:06:18 [@DESKTOP-2QEQUKR]
[login] 3: glpi inició la sesión desde la IP 127.0.0.1
2023-01-30 20:07:52 [@DESKTOP-2QEQUKR]
[login] 3: glpi inició la sesión desde la IP 127.0.0.1
2023-01-30 20:26:31 [@DESKTOP-2QEQUKR]
[login] 3: glpi inició la sesión desde la IP 127.0.0.1
2023-01-30 20:30:21 [@DESKTOP-2QEQUKR]
[login] 3: Fallo en el inicio de sesión de wycruz desde la IP 127.0.0.1
2023-01-30 20:30:36 [@DESKTOP-2QEQUKR]
[login] 3: glpi inició la sesión desde la IP 127.0.0.1
2023-01-30 20:37:23 [@DESKTOP-2QEQUKR]
[login] 3: Fallo en el inicio de sesión de prueba desde la IP 127.0.0.1
2023-01-30 20:37:34 [@DESKTOP-2QEQUKR]
[login] 3: Fallo en el inicio de sesión de prueba desde la IP 127.0.0.1
2023-01-30 20:37:38 [@DESKTOP-2QEQUKR]
[login] 3: glpi inició la sesión desde la IP 127.0.0.1
2023-01-30 20:38:17 [@DESKTOP-2QEQUKR]
[login] 3: Fallo en el inicio de sesión de pruebas desde la IP 127.0.0.1
2023-01-30 20:38:23 [@DESKTOP-2QEQUKR]
[login] 3: Fallo en el inicio de sesión de pruebas desde la IP 127.0.0.1
2023-01-30 20:41:46 [@DESKTOP-2QEQUKR]
[login] 3: Fallo en el inicio de sesión de pruebas desde la IP 127.0.0.1
2023-01-30 20:53:03 [@DESKTOP-2QEQUKR]
[login] 3: normal inició la sesión desde la IP 127.0.0.1
2023-01-30 20:57:53 [@DESKTOP-2QEQUKR]
[login] 3: glpi inició la sesión desde la IP 127.0.0.1
2023-01-30 21:01:01 [@DESKTOP-2QEQUKR]
[login] 3: wycruz inició la sesión desde la IP 127.0.0.1
2023-01-30 21:04:17 [@DESKTOP-2QEQUKR]
[login] 3: Fallo en el inicio de sesión de wsarta desde la IP 127.0.0.1
2023-01-30 21:04:24 [@DESKTOP-2QEQUKR]
[login] 3: glpi inició la sesión desde la IP 127.0.0.1
2023-01-30 21:05:48 [@DESKTOP-2QEQUKR]
[login] 3: Fallo en el inicio de sesión de wsarta desde la IP 127.0.0.1
2023-01-30 21:05:55 [@DESKTOP-2QEQUKR]
[login] 3: glpi inició la sesión desde la IP 127.0.0.1
2023-01-30 21:07:06 [@DESKTOP-2QEQUKR]
[login] 3: Fallo en el inicio de sesión de wsarta desde la IP 127.0.0.1
2023-01-30 21:07:33 [@DESKTOP-2QEQUKR]
[login] 3: Fallo en el inicio de sesión de wsarta desde la IP 127.0.0.1
2023-01-30 21:08:08 [@DESKTOP-2QEQUKR]
[login] 3: wsarta inició la sesión desde la IP 127.0.0.1
2023-01-30 21:13:43 [@DESKTOP-2QEQUKR]
[login] 3: aacosta inició la sesión desde la IP 127.0.0.1
2023-01-30 21:32:19 [@DESKTOP-2QEQUKR]
[login] 3: yagrajales inició la sesión desde la IP 127.0.0.1
2023-01-30 21:34:18 [@DESKTOP-2QEQUKR]
[login] 3: glpi inició la sesión desde la IP 127.0.0.1
2023-01-30 21:35:05 [@DESKTOP-2QEQUKR]
[login] 3: yagrajales inició la sesión desde la IP 127.0.0.1
2023-01-30 21:36:51 [@DESKTOP-2QEQUKR]
[login] 3: glpi inició la sesión desde la IP 127.0.0.1
2023-01-31 13:50:10 [@DESKTOP-2QEQUKR]
[login] 3: glpi inició la sesión desde la IP 127.0.0.1
2023-02-01 17:14:06 [@DESKTOP-2QEQUKR]
[login] 3: Fallo en el inicio de sesión de Welsy desde la IP 127.0.0.1
2023-02-01 17:14:13 [@DESKTOP-2QEQUKR]
[login] 3: Fallo en el inicio de sesión de wycruz desde la IP 127.0.0.1
2023-02-01 17:14:24 [@DESKTOP-2QEQUKR]
[login] 3: Fallo en el inicio de sesión de wycruz desde la IP 127.0.0.1
2023-02-01 17:14:37 [@DESKTOP-2QEQUKR]
[login] 3: glpi inició la sesión desde la IP 127.0.0.1
2023-02-01 17:15:55 [@DESKTOP-2QEQUKR]
[login] 3: acbautista inició la sesión desde la IP 127.0.0.1
2023-02-13 11:50:09 [@host15.latinoamericahosting.com]
[login] 3: glpi inicia sesión desde la IP 186.31.195.141
2023-02-13 11:50:36 [@host15.latinoamericahosting.com]
[login] 3: glpi inicia sesión desde la IP 186.31.195.141
2023-02-13 11:51:25 [@host15.latinoamericahosting.com]
[login] 3: Inicio de sesión fallido para wycruz desde la IP 186.31.195.141
2023-02-13 11:51:34 [@host15.latinoamericahosting.com]
[login] 3: glpi inicia sesión desde la IP 186.31.195.141
2023-02-13 11:52:04 [@host15.latinoamericahosting.com]
[login] 3: wycruz inicia sesión desde la IP 186.31.195.141
2023-02-13 13:54:16 [@host15.latinoamericahosting.com]
[login] 3: wycruz inicia sesión desde la IP 186.31.195.141
2023-02-14 17:29:17 [@host15.latinoamericahosting.com]
[login] 3: glpi inicia sesión desde la IP 179.12.234.3
2023-02-14 17:35:30 [@host15.latinoamericahosting.com]
[login] 3: glpi inicia sesión desde la IP 179.12.234.3
2023-02-14 17:51:56 [@host15.latinoamericahosting.com]
[login] 3: glpi inicia sesión desde la IP 179.12.234.3
2023-02-14 17:56:50 [@host15.latinoamericahosting.com]
[login] 3: glpi inicia sesión desde la IP 179.12.234.3
2023-02-14 17:57:25 [@host15.latinoamericahosting.com]
[login] 3: glpi inicia sesión desde la IP 179.12.234.3
2023-02-14 22:38:41 [@host15.latinoamericahosting.com]
[login] 3: Glpi inició la sesión desde la IP 181.134.16.145
2023-02-15 22:12:26 [@host15.latinoamericahosting.com]
[login] 3: glpi inició la sesión desde la IP 179.12.234.3
2023-02-15 23:17:59 [@host15.latinoamericahosting.com]
[login] 3: glpi inició la sesión desde la IP 179.12.234.3
2023-02-16 00:18:23 [@host15.latinoamericahosting.com]
[login] 3: Fallo en el inicio de sesión de  desde la IP 181.134.16.145
2023-02-16 00:18:35 [@host15.latinoamericahosting.com]
[login] 3: glpi inició la sesión desde la IP 181.134.16.145
2023-02-16 00:19:11 [2@host15.latinoamericahosting.com]
[login] 3: glpi inicio de sesión desde la IP 181.134.16.145
2023-02-16 07:43:31 [@host15.latinoamericahosting.com]
[login] 3: glpi inició la sesión desde la IP 181.134.16.145
2023-02-16 19:40:43 [@host15.latinoamericahosting.com]
[login] 3: glpi inició la sesión desde la IP 179.12.234.3
2023-02-16 19:51:06 [@host15.latinoamericahosting.com]
[login] 3: glpi inició la sesión desde la IP 179.12.234.3
2023-02-16 20:22:14 [@host15.latinoamericahosting.com]
[login] 3: glpi inició la sesión desde la IP 179.12.234.3
2023-02-16 20:44:15 [@host15.latinoamericahosting.com]
[login] 3: glpi inició la sesión desde la IP 179.12.234.3
2023-02-16 20:44:56 [8@host15.latinoamericahosting.com]
[Impersonate] 3: glpi comienza a hacerse pasar por usuario aacosta
2023-02-16 20:45:10 [2@host15.latinoamericahosting.com]
[Impersonate] 3: glpi deja de hacerse pasar por usuario aacosta
2023-02-16 20:46:09 [8@host15.latinoamericahosting.com]
[Impersonate] 3: glpi comienza a hacerse pasar por usuario aacosta
2023-02-16 20:47:17 [2@host15.latinoamericahosting.com]
[Impersonate] 3: glpi deja de hacerse pasar por usuario aacosta
2023-02-16 22:39:15 [@host15.latinoamericahosting.com]
[login] 3: glpi inició la sesión desde la IP 181.134.16.145
2023-02-16 22:44:56 [@host15.latinoamericahosting.com]
[login] 3: glpi inició la sesión desde la IP 181.134.16.145
2023-02-17 15:38:01 [@host15.latinoamericahosting.com]
[login] 3: glpi inició la sesión desde la IP 181.134.16.145
2023-02-17 16:47:57 [@host15.latinoamericahosting.com]
[login] 3: glpi inició la sesión desde la IP 181.134.16.145
2023-02-17 17:58:16 [@host15.latinoamericahosting.com]
[login] 3: normal inició la sesión desde la IP 181.134.16.145
2023-02-17 17:58:42 [@host15.latinoamericahosting.com]
[login] 3: Fallo en el inicio de sesión de wycruz desde la IP 181.134.16.145
2023-02-17 17:58:48 [@host15.latinoamericahosting.com]
[login] 3: glpi inició la sesión desde la IP 181.134.16.145
2023-02-18 00:33:23 [@host15.latinoamericahosting.com]
[login] 3: glpi inició la sesión desde la IP 181.134.16.145
2023-02-18 00:38:55 [@host15.latinoamericahosting.com]
[login] 3: normal inició la sesión desde la IP 181.134.16.145
2023-02-18 00:39:57 [@host15.latinoamericahosting.com]
[login] 3: tech inició la sesión desde la IP 181.134.16.145
2023-02-18 00:42:18 [@host15.latinoamericahosting.com]
[login] 3: Fallo en el inicio de sesión de post-only desde la IP 181.134.16.145
2023-02-18 00:42:25 [@host15.latinoamericahosting.com]
[login] 3: glpi inició la sesión desde la IP 181.134.16.145
2023-02-18 00:42:55 [@host15.latinoamericahosting.com]
[login] 3: post-only inició la sesión desde la IP 181.134.16.145
2023-02-18 00:57:35 [@host15.latinoamericahosting.com]
[login] 3: glpi inició la sesión desde la IP 181.134.16.145
2023-02-18 00:58:08 [@host15.latinoamericahosting.com]
[login] 3: Fallo en el inicio de sesión de wycruz desde la IP 181.134.16.145
2023-02-18 00:58:19 [@host15.latinoamericahosting.com]
[login] 3: wycruz inició la sesión desde la IP 181.134.16.145
2023-02-18 00:58:52 [@host15.latinoamericahosting.com]
[login] 3: glpi inició la sesión desde la IP 181.134.16.145
2023-02-19 21:21:02 [@host15.latinoamericahosting.com]
[login] 3: Fallo en el inicio de sesión de  desde la IP 179.12.234.3
2023-02-19 21:39:32 [@host15.latinoamericahosting.com]
[login] 3: Fallo en el inicio de sesión de  desde la IP 179.12.234.3
2023-02-19 21:39:42 [@host15.latinoamericahosting.com]
[login] 3: glpi inició la sesión desde la IP 179.12.234.3
2023-02-19 21:40:23 [@host15.latinoamericahosting.com]
[login] 3: glpi inició la sesión desde la IP 179.12.234.3
2023-02-20 09:39:47 [@host15.latinoamericahosting.com]
[login] 3: glpi inició la sesión desde la IP 186.31.195.141
2023-02-27 15:35:16 [@host15.latinoamericahosting.com]
[login] 3: glpi inició la sesión desde la IP 181.134.16.145
2023-02-27 15:39:17 [@host15.latinoamericahosting.com]
[login] 3: wycruz inició la sesión desde la IP 181.134.16.145
2023-02-27 15:49:41 [@host15.latinoamericahosting.com]
[login] 3: glpi inició la sesión desde la IP 181.134.16.145
2023-03-01 21:07:10 [@HOKMA-WS002]
[login] 3: Fallo en el inicio de sesión de  desde la IP ::1
2023-03-01 21:07:38 [@HOKMA-WS002]
[login] 3: glpi inició la sesión desde la IP ::1
2023-03-01 21:34:40 [@HOKMA-WS002]
[login] 3: normal inició la sesión desde la IP ::1
2023-03-01 21:37:45 [@HOKMA-WS002]
[login] 3: glpi inició la sesión desde la IP ::1
2023-03-01 21:41:13 [@HOKMA-WS002]
[login] 3: jnarvaez inició la sesión desde la IP ::1
2023-03-01 21:42:04 [@HOKMA-WS002]
[login] 3: glpi inició la sesión desde la IP ::1
2023-03-01 21:45:03 [1345@HOKMA-WS002]
[Impersonate] 3: glpi comienza a hacerse pasar por usuario jnarvaez
2023-03-01 22:01:56 [2@HOKMA-WS002]
[Impersonate] 3: glpi deja de hacerse pasar por usuario jnarvaez
2023-03-01 22:18:07 [1346@HOKMA-WS002]
[Impersonate] 3: glpi comienza a hacerse pasar por usuario jnarvaez
2023-03-01 22:20:03 [2@HOKMA-WS002]
[Impersonate] 3: glpi deja de hacerse pasar por usuario jnarvaez
2023-03-01 22:21:25 [823@HOKMA-WS002]
[Impersonate] 3: glpi comienza a hacerse pasar por usuario wycruz
2023-03-01 22:21:40 [2@HOKMA-WS002]
[Impersonate] 3: glpi deja de hacerse pasar por usuario wycruz
2023-03-01 22:22:52 [@HOKMA-WS002]
[login] 3: wycruz inició la sesión desde la IP ::1
2023-03-01 22:59:15 [@HOKMA-WS002]
[login] 3: tech inició la sesión desde la IP ::1
2023-03-01 23:07:31 [@HOKMA-WS002]
[login] 3: wycruz inició la sesión desde la IP ::1
2023-03-01 23:20:54 [1347@HOKMA-WS002]
[Impersonate] 3: glpi comienza a hacerse pasar por usuario jnarvaez
2023-03-01 23:21:15 [2@HOKMA-WS002]
[Impersonate] 3: glpi deja de hacerse pasar por usuario jnarvaez
2023-03-01 23:23:30 [1347@HOKMA-WS002]
[Impersonate] 3: glpi comienza a hacerse pasar por usuario jnarvaez
2023-03-01 23:24:50 [2@HOKMA-WS002]
[Impersonate] 3: glpi deja de hacerse pasar por usuario jnarvaez
2023-03-01 23:30:06 [1347@HOKMA-WS002]
[Impersonate] 3: glpi comienza a hacerse pasar por usuario jnarvaez
2023-03-01 23:30:22 [2@HOKMA-WS002]
[Impersonate] 3: glpi deja de hacerse pasar por usuario jnarvaez
2023-03-01 23:38:17 [1348@HOKMA-WS002]
[Impersonate] 3: glpi comienza a hacerse pasar por usuario jnarvaez
2023-03-02 14:01:31 [@HOKMA-WS002]
[login] 3: Fallo en el inicio de sesión de jnarvaez desde la IP ::1
2023-03-02 14:01:43 [@HOKMA-WS002]
[login] 3: Fallo en el inicio de sesión de jnarvaez desde la IP ::1
2023-03-02 14:01:59 [@HOKMA-WS002]
[login] 3: Fallo en el inicio de sesión de jnarvaez desde la IP ::1
2023-03-02 14:03:33 [@HOKMA-WS002]
[login] 3: Fallo en el inicio de sesión de tech desde la IP ::1
2023-03-02 14:03:45 [@HOKMA-WS002]
[login] 3: glpi inició la sesión desde la IP ::1
2023-03-02 20:21:07 [1348@HOKMA-WS002]
[Impersonate] 3: glpi comienza a hacerse pasar por usuario jnarvaez
2023-03-02 20:21:18 [2@HOKMA-WS002]
[Impersonate] 3: glpi deja de hacerse pasar por usuario jnarvaez
2023-03-02 20:22:14 [@HOKMA-WS002]
[login] 3: wycruz inició la sesión desde la IP ::1
2023-03-02 20:22:36 [@HOKMA-WS002]
[login] 3: Inicio de sesión fallido para tech desde la IP ::1
2023-03-02 20:23:44 [1348@HOKMA-WS002]
[Impersonate] 3: glpi comienza a hacerse pasar por usuario jnarvaez
2023-03-02 20:23:58 [2@HOKMA-WS002]
[Impersonate] 3: glpi deja de hacerse pasar por usuario jnarvaez
2023-03-02 21:33:10 [@HOKMA-WS002]
[login] 3: Inicio de sesión fallido para jnarvaez desde la IP ::1
2023-03-02 21:33:21 [@HOKMA-WS002]
[login] 3: Inicio de sesión fallido para jnarvaez desde la IP ::1
2023-03-02 21:33:33 [@HOKMA-WS002]
[login] 3: Inicio de sesión fallido para jnarvaez desde la IP ::1
2023-03-02 21:34:29 [@HOKMA-WS002]
[login] 3: jnarvaez inicia sesión desde la IP ::1
2023-03-03 14:18:49 [@HOKMA-WS002]
[login] 3: glpi inició la sesión desde la IP ::1
2023-03-03 14:19:07 [@HOKMA-WS002]
[login] 3: jnarvaez inició la sesión desde la IP ::1
2023-03-03 14:21:04 [@HOKMA-WS002]
[login] 3: Fallo en el inicio de sesión de wycruz desde la IP ::1
2023-03-03 14:22:05 [@HOKMA-WS002]
[login] 3: wycruz inició la sesión desde la IP ::1
2023-03-03 14:44:17 [@HOKMA-WS002]
[login] 3: glpi inició la sesión desde la IP ::1
2023-03-03 15:21:07 [@HOKMA-WS002]
[login] 3: wycruz inició la sesión desde la IP ::1
2023-03-03 21:30:06 [@HOKMA-WS002]
[login] 3: wycruz inició la sesión desde la IP ::1
2023-03-06 14:58:34 [@HOKMA-WS002]
[login] 3: glpi inició la sesión desde la IP ::1
2023-03-06 15:00:19 [@HOKMA-WS002]
[login] 3: wycruz inició la sesión desde la IP ::1
2023-03-06 15:31:14 [@HOKMA-WS002]
[login] 3: Fallo en el inicio de sesión de icapelli desde la IP ::1
2023-03-06 15:31:44 [@HOKMA-WS002]
[login] 3: icapelli inició la sesión desde la IP ::1
2023-03-06 15:38:49 [@HOKMA-WS002]
[login] 3: icapelli inició la sesión desde la IP ::1
2023-03-06 15:58:44 [@HOKMA-WS002]
[login] 3: icapelli inició la sesión desde la IP ::1
2023-03-06 15:59:51 [@HOKMA-WS002]
[login] 3: icapelli inició la sesión desde la IP ::1
2023-03-06 16:11:56 [@HOKMA-WS002]
[login] 3: jnarvaez inició la sesión desde la IP ::1
2023-03-06 16:14:15 [@HOKMA-WS002]
[login] 3: Inicio de sesión fallido para  desde la IP ::1
2023-03-06 16:14:16 [@HOKMA-WS002]
[login] 3: Inicio de sesión fallido para  desde la IP ::1
2023-03-06 16:14:26 [@HOKMA-WS002]
[login] 3: wycruz inicia sesión desde la IP ::1
2023-03-06 16:18:51 [@HOKMA-WS002]
[login] 3: Fallo en el inicio de sesión de jnarvaez desde la IP ::1
2023-03-06 16:19:03 [@HOKMA-WS002]
[login] 3: jnarvaez inició la sesión desde la IP ::1
2023-03-06 16:45:02 [@HOKMA-WS002]
[login] 3: wycruz inicia sesión desde la IP ::1
2023-03-06 18:00:11 [@HOKMA-WS002]
[login] 3: Inicio de sesión fallido para icapelii desde la IP ::1
2023-03-06 18:00:25 [@HOKMA-WS002]
[login] 3: icapelli inicia sesión desde la IP ::1
2023-03-06 20:41:51 [@HOKMA-WS002]
[login] 3: icapelli inicia sesión desde la IP ::1
2023-03-06 20:44:07 [@HOKMA-WS002]
[login] 3: wycruz inicia sesión desde la IP ::1
2023-03-06 20:50:50 [@HOKMA-WS002]
[login] 3: agsalazar inicia sesión desde la IP ::1
2023-03-06 20:51:40 [@HOKMA-WS002]
[login] 3: Fallo en el inicio de sesión de jnarvaez desde la IP ::1
2023-03-06 20:51:55 [@HOKMA-WS002]
[login] 3: jnarvaez inició la sesión desde la IP ::1
2023-03-07 14:07:30 [@HOKMA-WS002]
[login] 3: jnarvaez inició la sesión desde la IP ::1
2023-03-07 14:29:11 [@HOKMA-WS002]
[login] 3: icapelli inició la sesión desde la IP ::1
2023-03-07 14:30:10 [@HOKMA-WS002]
[login] 3: jnarvaez inició la sesión desde la IP ::1
2023-03-07 14:32:14 [@HOKMA-WS002]
[login] 3: icapelli inició la sesión desde la IP ::1
2023-03-07 14:33:28 [@HOKMA-WS002]
[login] 3: agsalazar inició la sesión desde la IP ::1
2023-03-07 15:02:38 [@HOKMA-WS002]
[login] 3: Fallo en el inicio de sesión de glpi desde la IP ::1
2023-03-07 15:02:49 [@HOKMA-WS002]
[login] 3: glpi inició la sesión desde la IP ::1
2023-03-07 16:54:06 [@HOKMA-WS002]
[login] 3: agsalazar inició la sesión desde la IP ::1
2023-03-07 17:47:12 [@HOKMA-WS002]
[login] 3: icapelli inició la sesión desde la IP ::1
2023-03-07 17:47:46 [@HOKMA-WS002]
[login] 3: jnarvaez inició la sesión desde la IP ::1
2023-03-07 17:49:29 [@HOKMA-WS002]
[login] 3: glpi inició la sesión desde la IP ::1
2023-03-07 18:35:12 [@HOKMA-WS002]
[login] 3: Inicio de sesión fallido para  desde la IP ::1
2023-03-07 18:37:55 [@HOKMA-WS002]
[login] 3: agsalazar inició la sesión desde la IP ::1
2023-03-07 18:40:41 [@HOKMA-WS002]
[login] 3: Fallo en el inicio de sesión de jnarvaez desde la IP ::1
2023-03-07 18:41:03 [@HOKMA-WS002]
[login] 3: jnarvaez inició la sesión desde la IP ::1
2023-03-07 18:43:13 [@HOKMA-WS002]
[login] 3: agsalazar inicia sesión desde la IP ::1
2023-03-07 19:39:02 [@HOKMA-WS002]
[login] 3: icapelli inicia sesión desde la IP ::1
2023-03-07 20:19:16 [@HOKMA-WS002]
[login] 3: glpi inició la sesión desde la IP ::1
2023-03-07 20:53:12 [@HOKMA-WS002]
[login] 3: glpi inició la sesión desde la IP ::1
2023-03-07 20:53:54 [@HOKMA-WS002]
[login] 3: Inicio de sesión fallido para glsalazar desde la IP ::1
2023-03-07 20:54:09 [@HOKMA-WS002]
[login] 3: agsalazar inicia sesión desde la IP ::1
2023-03-07 20:56:22 [@HOKMA-WS002]
[login] 3: jnarvaez inicia sesión desde la IP ::1
2023-03-07 20:58:43 [@HOKMA-WS002]
[login] 3: icapelli inicia sesión desde la IP ::1
2023-03-07 21:00:04 [@HOKMA-WS002]
[login] 3: jnarvaez inicia sesión desde la IP ::1
2023-03-07 21:02:15 [@HOKMA-WS002]
[login] 3: Inicio de sesión fallido para icapelli desde la IP ::1
2023-03-07 21:02:25 [@HOKMA-WS002]
[login] 3: icapelli inicia sesión desde la IP ::1
2023-03-07 21:04:46 [@HOKMA-WS002]
[login] 3: agsalazar inicia sesión desde la IP ::1
2023-03-07 21:27:52 [@HOKMA-WS002]
[login] 3: glpi inicia sesión desde la IP ::1
2023-03-07 21:30:48 [@HOKMA-WS002]
[login] 3: Inicio de sesión fallido para agsalazar desde la IP ::1
2023-03-07 21:31:01 [@HOKMA-WS002]
[login] 3: agsalazar inicia sesión desde la IP ::1
2023-03-07 21:31:28 [@HOKMA-WS002]
[login] 3: jnarvaez inició la sesión desde la IP ::1
2023-03-07 21:32:43 [@HOKMA-WS002]
[login] 3: icapelli inició la sesión desde la IP ::1
2023-03-07 21:33:45 [@HOKMA-WS002]
[login] 3: wycruz inicia sesión desde la IP ::1
2023-03-07 22:03:56 [@HOKMA-WS002]
[login] 3: Fallo en el inicio de sesión de jnarvaez desde la IP ::1
2023-03-07 22:04:08 [@HOKMA-WS002]
[login] 3: Fallo en el inicio de sesión de jnarvaez desde la IP ::1
2023-03-07 22:04:27 [@HOKMA-WS002]
[login] 3: jnarvaez inició la sesión desde la IP ::1
2023-03-08 14:41:14 [@HOKMA-WS002]
[login] 3: jnarvaez inició la sesión desde la IP ::1
2023-03-08 14:43:06 [@HOKMA-WS002]
[login] 3: agsalazar inició la sesión desde la IP ::1
2023-03-08 14:44:04 [@HOKMA-WS002]
[login] 3: Inicio de sesión fallido para  desde la IP ::1
2023-03-08 14:44:21 [@HOKMA-WS002]
[login] 3: wycruz inicia sesión desde la IP ::1
2023-03-08 15:47:44 [@HOKMA-WS002]
[login] 3: icapelli inicia sesión desde la IP ::1
2023-03-08 16:03:07 [@HOKMA-WS002]
[login] 3: Fallo en el inicio de sesión de glpi desde la IP ::1
2023-03-08 16:03:18 [@HOKMA-WS002]
[login] 3: glpi inició la sesión desde la IP ::1
2023-03-08 22:33:28 [@HOKMA-WS002]
[login] 3: jnarvaez inició la sesión desde la IP ::1
2023-03-08 22:33:51 [@HOKMA-WS002]
[login] 3: glpi inició la sesión desde la IP ::1
2023-03-09 18:16:08 [@HOKMA-WS002]
[login] 3: Fallo en el inicio de sesión de  desde la IP ::1
2023-03-09 18:16:26 [@HOKMA-WS002]
[login] 3: glpi inició la sesión desde la IP ::1
2023-03-09 18:18:23 [@HOKMA-WS002]
[login] 3: glpi inició la sesión desde la IP ::1
2023-03-09 22:20:06 [@HOKMA-WS002]
[login] 3: Inicio de sesión fallido para  desde la IP ::1
2023-03-09 22:20:19 [@HOKMA-WS002]
[login] 3: icapelli inicia sesión desde la IP ::1
2023-03-09 23:26:35 [@HOKMA-WS002]
[login] 3: icapelli inicia sesión desde la IP ::1
2023-03-09 23:26:58 [@HOKMA-WS002]
[login] 3: agsalazar inicia sesión desde la IP ::1
2023-03-10 00:55:15 [@HOKMA-WS002]
[login] 3: jnarvaez inició la sesión desde la IP ::1
2023-03-10 00:56:24 [@HOKMA-WS002]
[login] 3: agsalazar inicia sesión desde la IP ::1
2023-03-10 00:56:25 [1307@HOKMA-WS002]
[login] 3: agsalazar login desde IP ::1
2023-03-10 01:05:04 [@HOKMA-WS002]
[login] 3: glpi inició la sesión desde la IP ::1
2023-03-10 20:28:05 [@HOKMA-WS002]
[login] 3: glpi inició la sesión desde la IP ::1
2023-03-13 13:04:07 [@HOKMA-WS002]
[login] 3: glpi inició la sesión desde la IP ::1
2023-03-13 13:31:44 [@HOKMA-WS002]
[login] 3: agsalazar inicia sesión desde la IP ::1
2023-03-13 13:32:14 [@HOKMA-WS002]
[login] 3: wycruz inicia sesión desde la IP ::1
2023-03-13 13:46:19 [@HOKMA-WS002]
[login] 3: agsalazar inicia sesión desde la IP ::1
2023-03-14 13:58:40 [@HOKMA-WS002]
[login] 3: glpi inició la sesión desde la IP ::1
2023-03-15 16:39:47 [@HOKMA-WS002]
[login] 3: glpi inició la sesión desde la IP ::1
2023-03-16 16:05:00 [@HOKMA-WS002]
[login] 3: glpi inició la sesión desde la IP ::1
2023-03-16 17:32:40 [@HOKMA-WS002]
[login] 3: jnarvaez inició la sesión desde la IP ::1
2023-03-16 17:33:13 [@HOKMA-WS002]
[login] 3: glpi inició la sesión desde la IP ::1
2023-03-17 00:14:19 [@HOKMA-WS002]
[login] 3: glpi inició la sesión desde la IP ::1
2023-03-17 14:38:28 [@HOKMA-WS002]
[login] 3: glpi inició la sesión desde la IP ::1
2023-03-17 18:22:28 [@HOKMA-WS002]
[login] 3: agsalazar inició la sesión desde la IP ::1
2023-03-17 18:23:26 [@HOKMA-WS002]
[login] 3: icapelli inició la sesión desde la IP ::1
2023-03-17 18:23:42 [@HOKMA-WS002]
[login] 3: jnarvaez inició la sesión desde la IP ::1
2023-03-17 18:24:04 [@HOKMA-WS002]
[login] 3: Inicio de sesión fallido para  desde la IP ::1
2023-03-17 18:24:15 [@HOKMA-WS002]
[login] 3: agsalazar inicia sesión desde la IP ::1
2023-03-17 18:28:42 [@HOKMA-WS002]
[login] 3: icapelli inició la sesión desde la IP ::1
2023-03-17 18:29:51 [@HOKMA-WS002]
[login] 3: wycruz inició la sesión desde la IP ::1
2023-03-17 18:30:45 [@HOKMA-WS002]
[login] 3: icapelli inició la sesión desde la IP ::1
2023-03-17 19:41:16 [@HOKMA-WS002]
[login] 3: glpi inició la sesión desde la IP ::1
2023-03-17 19:55:23 [@HOKMA-WS002]
[login] 3: icapelli inició la sesión desde la IP ::1
2023-03-17 19:55:54 [@HOKMA-WS002]
[login] 3: wycruz inició la sesión desde la IP ::1
2023-03-17 21:04:59 [@HOKMA-WS002]
[login] 3: Fallo en el inicio de sesión de icapelli desde la IP ::1
2023-03-17 21:05:10 [@HOKMA-WS002]
[login] 3: icapelli inició la sesión desde la IP ::1
2023-03-17 22:22:08 [@HOKMA-WS002]
[login] 3: jnarvaez inició la sesión desde la IP ::1
2023-03-17 22:22:26 [@HOKMA-WS002]
[login] 3: glpi inició la sesión desde la IP ::1
2023-03-21 21:11:46 [@HOKMA-WS002]
[login] 3: glpi inició la sesión desde la IP ::1
2023-03-22 01:50:18 [@HOKMA-WS002]
[login] 3: agsalazar inicia sesión desde la IP ::1
2023-03-22 14:12:44 [@HOKMA-WS002]
[login] 3: glpi inició la sesión desde la IP ::1
2023-07-04 18:12:39 [@HOKMA-WS002]
[login] 3: glpi inició la sesión desde la IP ::1
2023-07-05 15:54:40 [@HOKMA-WS002]
[login] 3: glpi inició la sesión desde la IP ::1
2023-07-05 17:43:51 [@HOKMA-WS002]
[login] 3: glpi inició la sesión desde la IP ::1
2023-07-10 15:54:26 [@HOKMA-WS002]
[login] 3: glpi inició la sesión desde la IP ::1
2023-07-11 16:27:34 [@HOKMA-WS002]
[login] 3: glpi inició la sesión desde la IP ::1
2023-07-11 16:33:31 [@HOKMA-WS002]
[login] 3: Fallo en el inicio de sesión de tech desde la IP ::1
2023-07-11 16:33:46 [@HOKMA-WS002]
[login] 3: glpi inició la sesión desde la IP ::1
2023-07-11 17:04:41 [@HOKMA-WS002]
[login] 3: tech inició la sesión desde la IP ::1
2023-07-11 17:05:22 [@HOKMA-WS002]
[login] 3: Fallo en el inicio de sesión de normal desde la IP ::1
2023-07-11 17:05:32 [@HOKMA-WS002]
[login] 3: glpi inició la sesión desde la IP ::1
2023-07-11 17:06:09 [@HOKMA-WS002]
[login] 3: Fallo en el inicio de sesión de normal desde la IP ::1
2023-07-11 17:06:29 [@HOKMA-WS002]
[login] 3: normal inició la sesión desde la IP ::1
2023-07-11 17:10:13 [@HOKMA-WS002]
[login] 3: glpi inició la sesión desde la IP ::1
2023-07-11 17:15:08 [@HOKMA-WS002]
[login] 3: Fallo en el inicio de sesión de normal desde la IP ::1
2023-07-11 17:15:17 [@HOKMA-WS002]
[login] 3: normal inició la sesión desde la IP ::1
2023-07-11 17:24:18 [@HOKMA-WS002]
[login] 3: tech inició la sesión desde la IP ::1
2023-07-11 17:24:55 [@HOKMA-WS002]
[login] 3: glpi inició la sesión desde la IP ::1
2023-07-11 17:42:43 [@HOKMA-WS002]
[login] 3: jnarvaez inició la sesión desde la IP ::1
2023-07-11 17:45:46 [@HOKMA-WS002]
[login] 3: glpi inició la sesión desde la IP ::1
2023-07-11 17:51:57 [@HOKMA-WS002]
[login] 3: normal inició la sesión desde la IP ::1
2023-07-11 17:53:52 [@HOKMA-WS002]
[login] 3: glpi inició la sesión desde la IP ::1
2023-07-11 17:58:20 [@HOKMA-WS002]
[login] 3: Fallo en el inicio de sesión de glpi desde la IP ::1
2023-07-11 17:58:28 [@HOKMA-WS002]
[login] 3: glpi inició la sesión desde la IP ::1
2023-07-11 17:59:57 [@HOKMA-WS002]
[login] 3: normal inició la sesión desde la IP ::1
2023-07-11 18:01:01 [@HOKMA-WS002]
[login] 3: tech inició la sesión desde la IP ::1
2023-07-11 20:47:12 [@HOKMA-WS002]
[login] 3: tech inició la sesión desde la IP ::1
2023-07-11 21:42:00 [@HOKMA-WS002]
[login] 3: glpi inició la sesión desde la IP ::1
2023-07-11 21:43:16 [@HOKMA-WS002]
[login] 3: tech inició la sesión desde la IP ::1
2023-07-12 03:19:05 [@HOKMA-WS002]
[login] 3: Fallo en el inicio de sesión de normal desde la IP ::1
2023-07-12 03:19:14 [@HOKMA-WS002]
[login] 3: normal inició la sesión desde la IP ::1
2023-07-12 04:22:30 [@HOKMA-WS002]
[login] 3: glpi inició la sesión desde la IP ::1
2023-07-12 04:33:39 [@HOKMA-WS002]
[login] 3: glpi inició la sesión desde la IP ::1
2023-07-12 04:37:00 [@HOKMA-WS002]
[login] 3: glpi inició la sesión desde la IP ::1
2023-07-12 04:37:15 [@HOKMA-WS002]
[login] 3: normal inició la sesión desde la IP ::1
2023-07-12 05:18:58 [@HOKMA-WS002]
[login] 3: Fallo en el inicio de sesión de tech desde la IP ::1
2023-07-12 05:19:09 [@HOKMA-WS002]
[login] 3: tech inició la sesión desde la IP ::1
2023-07-12 05:19:42 [@HOKMA-WS002]
[login] 3: normal inició la sesión desde la IP ::1
2023-08-09 22:50:21 [@HOKMA-WS002]
[login] 3: glpi inició la sesión desde la IP ::1
2023-08-09 23:23:28 [@HOKMA-WS002]
[login] 3: Fallo en el inicio de sesión de glpi desde la IP ::1
2023-08-09 23:52:13 [@HOKMA-WS002]
[login] 3: Fallo en el inicio de sesión de glpi desde la IP ::1
2023-08-09 23:56:12 [@HOKMA-WS002]
[login] 3: glpi inició la sesión desde la IP ::1
2023-08-10 00:02:35 [@HOKMA-WS002]
[login] 3: Fallo en el inicio de sesión de glpi desde la IP ::1
2023-08-10 00:02:51 [@HOKMA-WS002]
[login] 3: glpi inició la sesión desde la IP ::1
2023-08-10 16:54:56 [@HOKMA-WS002]
[login] 3: glpi inició la sesión desde la IP ::1
2023-08-11 17:40:41 [@HOKMA-WS002]
[login] 3: Fallo en el inicio de sesión de  desde la IP ::1
